{"numFailedTestSuites":0,"numFailedTests":0,"numPassedTestSuites":1,"numPassedTests":9,"numPendingTestSuites":0,"numPendingTests":0,"numRuntimeErrorTestSuites":0,"numTodoTests":0,"numTotalTestSuites":1,"numTotalTests":9,"openHandles":[],"snapshot":{"added":0,"didUpdate":false,"failure":false,"filesAdded":0,"filesRemoved":0,"filesRemovedList":[],"filesUnmatched":0,"filesUpdated":0,"matched":0,"total":0,"unchecked":0,"uncheckedKeysByFile":[],"unmatched":0,"updated":0},"startTime":1749746647246,"success":false,"testResults":[{"assertionResults":[{"ancestorTitles":["ErrorHandler","Gestione Errori"],"duration":15,"failureDetails":[],"failureMessages":[],"fullName":"ErrorHandler Gestione Errori dovrebbe gestire correttamente un errore critico","invocations":1,"location":null,"numPassingAsserts":2,"retryReasons":[],"status":"passed","title":"dovrebbe gestire correttamente un errore critico"},{"ancestorTitles":["ErrorHandler","Gestione Errori"],"duration":4,"failureDetails":[],"failureMessages":[],"fullName":"ErrorHandler Gestione Errori dovrebbe gestire correttamente un errore di bassa severità","invocations":1,"location":null,"numPassingAsserts":3,"retryReasons":[],"status":"passed","title":"dovrebbe gestire correttamente un errore di bassa severità"},{"ancestorTitles":["ErrorHandler","Gestione Errori"],"duration":2,"failureDetails":[],"failureMessages":[],"fullName":"ErrorHandler Gestione Errori dovrebbe mantenere la cronologia degli errori","invocations":1,"location":null,"numPassingAsserts":3,"retryReasons":[],"status":"passed","title":"dovrebbe mantenere la cronologia degli errori"},{"ancestorTitles":["ErrorHandler","Gestione Errori"],"duration":132,"failureDetails":[],"failureMessages":[],"fullName":"ErrorHandler Gestione Errori dovrebbe limitare la dimensione della cronologia","invocations":1,"location":null,"numPassingAsserts":1,"retryReasons":[],"status":"passed","title":"dovrebbe limitare la dimensione della cronologia"},{"ancestorTitles":["ErrorHandler","Query Errori"],"duration":4,"failureDetails":[],"failureMessages":[],"fullName":"ErrorHandler Query Errori dovrebbe filtrare gli errori per severità","invocations":1,"location":null,"numPassingAsserts":4,"retryReasons":[],"status":"passed","title":"dovrebbe filtrare gli errori per severità"},{"ancestorTitles":["ErrorHandler","Query Errori"],"duration":3,"failureDetails":[],"failureMessages":[],"fullName":"ErrorHandler Query Errori dovrebbe filtrare gli errori per componente","invocations":1,"location":null,"numPassingAsserts":2,"retryReasons":[],"status":"passed","title":"dovrebbe filtrare gli errori per componente"},{"ancestorTitles":["ErrorHandler","Query Errori"],"duration":3,"failureDetails":[],"failureMessages":[],"fullName":"ErrorHandler Query Errori dovrebbe filtrare gli errori recenti","invocations":1,"location":null,"numPassingAsserts":2,"retryReasons":[],"status":"passed","title":"dovrebbe filtrare gli errori recenti"},{"ancestorTitles":["ErrorHandler","Formattazione Messaggi"],"duration":2,"failureDetails":[],"failureMessages":[],"fullName":"ErrorHandler Formattazione Messaggi dovrebbe formattare correttamente i messaggi di errore","invocations":1,"location":null,"numPassingAsserts":4,"retryReasons":[],"status":"passed","title":"dovrebbe formattare correttamente i messaggi di errore"},{"ancestorTitles":["ErrorHandler","Pulizia Cronologia"],"duration":2,"failureDetails":[],"failureMessages":[],"fullName":"ErrorHandler Pulizia Cronologia dovrebbe pulire correttamente la cronologia","invocations":1,"location":null,"numPassingAsserts":2,"retryReasons":[],"status":"passed","title":"dovrebbe pulire correttamente la cronologia"}],"endTime":1749746649010,"message":"","name":"D:\\student-analyst\\src\\services\\__tests__\\ErrorHandler.test.ts","startTime":1749746648531,"status":"passed","summary":""}],"wasInterrupted":false,"coverageMap":{"D:\\student-analyst\\src\\services\\ErrorHandler.ts":{"path":"D:\\student-analyst\\src\\services\\ErrorHandler.ts","statementMap":{"0":{"start":{"line":1,"column":0},"end":{"line":1,"column":60}},"1":{"start":{"line":21,"column":10},"end":{"line":21,"column":43}},"2":{"start":{"line":22,"column":19},"end":{"line":22,"column":43}},"3":{"start":{"line":25,"column":4},"end":{"line":25,"column":65}},"4":{"start":{"line":29,"column":4},"end":{"line":31,"column":5}},"5":{"start":{"line":30,"column":6},"end":{"line":30,"column":49}},"6":{"start":{"line":32,"column":4},"end":{"line":32,"column":33}},"7":{"start":{"line":36,"column":32},"end":{"line":42,"column":6}},"8":{"start":{"line":44,"column":4},"end":{"line":44,"column":35}},"9":{"start":{"line":45,"column":4},"end":{"line":47,"column":5}},"10":{"start":{"line":46,"column":6},"end":{"line":46,"column":32}},"11":{"start":{"line":49,"column":4},"end":{"line":49,"column":29}},"12":{"start":{"line":50,"column":4},"end":{"line":50,"column":26}},"13":{"start":{"line":54,"column":4},"end":{"line":54,"column":34}},"14":{"start":{"line":58,"column":19},"end":{"line":58,"column":61}},"15":{"start":{"line":59,"column":4},"end":{"line":59,"column":74}},"16":{"start":{"line":59,"column":46},"end":{"line":59,"column":72}},"17":{"start":{"line":63,"column":4},"end":{"line":63,"column":76}},"18":{"start":{"line":63,"column":46},"end":{"line":63,"column":74}},"19":{"start":{"line":67,"column":4},"end":{"line":67,"column":86}},"20":{"start":{"line":67,"column":46},"end":{"line":67,"column":84}},"21":{"start":{"line":71,"column":4},"end":{"line":71,"column":27}},"22":{"start":{"line":75,"column":20},"end":{"line":75,"column":51}},"23":{"start":{"line":77,"column":4},"end":{"line":90,"column":5}},"24":{"start":{"line":79,"column":8},"end":{"line":79,"column":52}},"25":{"start":{"line":80,"column":8},"end":{"line":80,"column":14}},"26":{"start":{"line":82,"column":8},"end":{"line":82,"column":54}},"27":{"start":{"line":83,"column":8},"end":{"line":83,"column":14}},"28":{"start":{"line":85,"column":8},"end":{"line":85,"column":54}},"29":{"start":{"line":86,"column":8},"end":{"line":86,"column":14}},"30":{"start":{"line":89,"column":8},"end":{"line":89,"column":14}},"31":{"start":{"line":94,"column":23},"end":{"line":94,"column":52}},"32":{"start":{"line":95,"column":4},"end":{"line":95,"column":30}},"33":{"start":{"line":102,"column":41},"end":{"line":102,"column":47}},"34":{"start":{"line":103,"column":4},"end":{"line":103,"column":80}},"35":{"start":{"line":107,"column":52},"end":{"line":107,"column":58}},"36":{"start":{"line":108,"column":4},"end":{"line":119,"column":7}},"37":{"start":{"line":18,"column":0},"end":{"line":18,"column":13}}},"fnMap":{"0":{"name":"(anonymous_0)","decl":{"start":{"line":24,"column":2},"end":{"line":24,"column":null}},"loc":{"start":{"line":24,"column":2},"end":{"line":26,"column":3}}},"1":{"name":"(anonymous_1)","decl":{"start":{"line":28,"column":9},"end":{"line":28,"column":15}},"loc":{"start":{"line":28,"column":27},"end":{"line":33,"column":3}}},"2":{"name":"(anonymous_2)","decl":{"start":{"line":35,"column":9},"end":{"line":35,"column":20}},"loc":{"start":{"line":35,"column":117},"end":{"line":51,"column":3}}},"3":{"name":"(anonymous_3)","decl":{"start":{"line":53,"column":9},"end":{"line":53,"column":24}},"loc":{"start":{"line":53,"column":24},"end":{"line":55,"column":3}}},"4":{"name":"(anonymous_4)","decl":{"start":{"line":57,"column":9},"end":{"line":57,"column":24}},"loc":{"start":{"line":57,"column":45},"end":{"line":60,"column":3}}},"5":{"name":"(anonymous_5)","decl":{"start":{"line":59,"column":36},"end":{"line":59,"column":42}},"loc":{"start":{"line":59,"column":46},"end":{"line":59,"column":72}}},"6":{"name":"(anonymous_6)","decl":{"start":{"line":62,"column":9},"end":{"line":62,"column":28}},"loc":{"start":{"line":62,"column":77},"end":{"line":64,"column":3}}},"7":{"name":"(anonymous_7)","decl":{"start":{"line":63,"column":36},"end":{"line":63,"column":42}},"loc":{"start":{"line":63,"column":46},"end":{"line":63,"column":74}}},"8":{"name":"(anonymous_8)","decl":{"start":{"line":66,"column":9},"end":{"line":66,"column":29}},"loc":{"start":{"line":66,"column":47},"end":{"line":68,"column":3}}},"9":{"name":"(anonymous_9)","decl":{"start":{"line":67,"column":36},"end":{"line":67,"column":42}},"loc":{"start":{"line":67,"column":46},"end":{"line":67,"column":84}}},"10":{"name":"(anonymous_10)","decl":{"start":{"line":70,"column":9},"end":{"line":70,"column":21}},"loc":{"start":{"line":70,"column":21},"end":{"line":72,"column":3}}},"11":{"name":"(anonymous_11)","decl":{"start":{"line":74,"column":10},"end":{"line":74,"column":21}},"loc":{"start":{"line":74,"column":41},"end":{"line":91,"column":3}}},"12":{"name":"(anonymous_12)","decl":{"start":{"line":93,"column":10},"end":{"line":93,"column":18}},"loc":{"start":{"line":93,"column":38},"end":{"line":99,"column":3}}},"13":{"name":"(anonymous_13)","decl":{"start":{"line":101,"column":10},"end":{"line":101,"column":28}},"loc":{"start":{"line":101,"column":48},"end":{"line":104,"column":3}}},"14":{"name":"(anonymous_14)","decl":{"start":{"line":106,"column":10},"end":{"line":106,"column":26}},"loc":{"start":{"line":106,"column":46},"end":{"line":120,"column":3}}}},"branchMap":{"0":{"loc":{"start":{"line":29,"column":4},"end":{"line":31,"column":5}},"type":"if","locations":[{"start":{"line":29,"column":4},"end":{"line":31,"column":5}}]},"1":{"loc":{"start":{"line":35,"column":58},"end":{"line":35,"column":117}},"type":"default-arg","locations":[{"start":{"line":35,"column":109},"end":{"line":35,"column":117}}]},"2":{"loc":{"start":{"line":45,"column":4},"end":{"line":47,"column":5}},"type":"if","locations":[{"start":{"line":45,"column":4},"end":{"line":47,"column":5}}]},"3":{"loc":{"start":{"line":57,"column":25},"end":{"line":57,"column":45}},"type":"default-arg","locations":[{"start":{"line":57,"column":43},"end":{"line":57,"column":45}}]},"4":{"loc":{"start":{"line":77,"column":4},"end":{"line":90,"column":5}},"type":"switch","locations":[{"start":{"line":78,"column":6},"end":{"line":80,"column":14}},{"start":{"line":81,"column":6},"end":{"line":83,"column":14}},{"start":{"line":84,"column":6},"end":{"line":86,"column":14}},{"start":{"line":87,"column":6},"end":{"line":89,"column":14}}]}},"s":{"0":1,"1":9,"2":9,"3":9,"4":9,"5":9,"6":9,"7":1117,"8":1117,"9":1117,"10":100,"11":1117,"12":1117,"13":4,"14":2,"15":2,"16":8,"17":4,"18":16,"19":2,"20":8,"21":1,"22":1117,"23":1117,"24":4,"25":4,"26":4,"27":4,"28":1105,"29":1105,"30":4,"31":1117,"32":1117,"33":1117,"34":1117,"35":1117,"36":1117,"37":1},"f":{"0":9,"1":9,"2":1117,"3":4,"4":2,"5":8,"6":4,"7":16,"8":2,"9":8,"10":1,"11":1117,"12":1117,"13":1117,"14":1117},"b":{"0":[9],"1":[1102],"2":[100],"3":[0],"4":[4,4,1105,4]}},"D:\\student-analyst\\src\\services\\NotificationManager.ts":{"path":"D:\\student-analyst\\src\\services\\NotificationManager.ts","statementMap":{"0":{"start":{"line":22,"column":4},"end":{"line":24,"column":5}},"1":{"start":{"line":23,"column":6},"end":{"line":23,"column":63}},"2":{"start":{"line":25,"column":4},"end":{"line":25,"column":40}},"3":{"start":{"line":36,"column":4},"end":{"line":36,"column":67}},"4":{"start":{"line":47,"column":4},"end":{"line":47,"column":65}},"5":{"start":{"line":58,"column":4},"end":{"line":58,"column":67}},"6":{"start":{"line":69,"column":4},"end":{"line":69,"column":64}},"7":{"start":{"line":82,"column":20},"end":{"line":82,"column":60}},"8":{"start":{"line":85,"column":18},"end":{"line":91,"column":6}},"9":{"start":{"line":94,"column":4},"end":{"line":94,"column":32}},"10":{"start":{"line":101,"column":4},"end":{"line":112,"column":5}},"11":{"start":{"line":103,"column":8},"end":{"line":103,"column":20}},"12":{"start":{"line":105,"column":8},"end":{"line":105,"column":20}},"13":{"start":{"line":107,"column":8},"end":{"line":107,"column":20}},"14":{"start":{"line":109,"column":8},"end":{"line":109,"column":20}},"15":{"start":{"line":111,"column":8},"end":{"line":111,"column":20}},"16":{"start":{"line":124,"column":4},"end":{"line":140,"column":5}},"17":{"start":{"line":125,"column":20},"end":{"line":127,"column":34}},"18":{"start":{"line":129,"column":22},"end":{"line":131,"column":49}},"19":{"start":{"line":133,"column":6},"end":{"line":133,"column":45}},"20":{"start":{"line":135,"column":6},"end":{"line":139,"column":8}},"21":{"start":{"line":151,"column":4},"end":{"line":155,"column":6}},"22":{"start":{"line":14,"column":0},"end":{"line":14,"column":13}},"23":{"start":{"line":160,"column":13},"end":{"line":160,"column":69}},"24":{"start":{"line":161,"column":0},"end":{"line":161,"column":35}}},"fnMap":{"0":{"name":"(anonymous_0)","decl":{"start":{"line":17,"column":2},"end":{"line":17,"column":null}},"loc":{"start":{"line":17,"column":2},"end":{"line":19,"column":3}}},"1":{"name":"(anonymous_1)","decl":{"start":{"line":21,"column":9},"end":{"line":21,"column":15}},"loc":{"start":{"line":21,"column":27},"end":{"line":26,"column":3}}},"2":{"name":"(anonymous_2)","decl":{"start":{"line":31,"column":9},"end":{"line":31,"column":20}},"loc":{"start":{"line":34,"column":21},"end":{"line":37,"column":3}}},"3":{"name":"(anonymous_3)","decl":{"start":{"line":42,"column":9},"end":{"line":42,"column":18}},"loc":{"start":{"line":45,"column":21},"end":{"line":48,"column":3}}},"4":{"name":"(anonymous_4)","decl":{"start":{"line":53,"column":9},"end":{"line":53,"column":20}},"loc":{"start":{"line":56,"column":21},"end":{"line":59,"column":3}}},"5":{"name":"(anonymous_5)","decl":{"start":{"line":64,"column":9},"end":{"line":64,"column":17}},"loc":{"start":{"line":67,"column":21},"end":{"line":70,"column":3}}},"6":{"name":"(anonymous_6)","decl":{"start":{"line":75,"column":10},"end":{"line":75,"column":30}},"loc":{"start":{"line":79,"column":21},"end":{"line":95,"column":3}}},"7":{"name":"(anonymous_7)","decl":{"start":{"line":100,"column":10},"end":{"line":100,"column":28}},"loc":{"start":{"line":100,"column":41},"end":{"line":113,"column":3}}},"8":{"name":"(anonymous_8)","decl":{"start":{"line":118,"column":9},"end":{"line":118,"column":35}},"loc":{"start":{"line":122,"column":24},"end":{"line":141,"column":3}}},"9":{"name":"(anonymous_9)","decl":{"start":{"line":146,"column":9},"end":{"line":146,"column":39}},"loc":{"start":{"line":149,"column":18},"end":{"line":156,"column":3}}}},"branchMap":{"0":{"loc":{"start":{"line":22,"column":4},"end":{"line":24,"column":5}},"type":"if","locations":[{"start":{"line":22,"column":4},"end":{"line":24,"column":5}}]},"1":{"loc":{"start":{"line":82,"column":20},"end":{"line":82,"column":60}},"type":"cond-expr","locations":[{"start":{"line":82,"column":30},"end":{"line":82,"column":52}},{"start":{"line":82,"column":55},"end":{"line":82,"column":60}}]},"2":{"loc":{"start":{"line":89,"column":18},"end":{"line":89,"column":59}},"type":"binary-expr","locations":[{"start":{"line":89,"column":18},"end":{"line":89,"column":26}},{"start":{"line":89,"column":30},"end":{"line":89,"column":59}}]},"3":{"loc":{"start":{"line":101,"column":4},"end":{"line":112,"column":5}},"type":"switch","locations":[{"start":{"line":102,"column":6},"end":{"line":103,"column":20}},{"start":{"line":104,"column":6},"end":{"line":105,"column":20}},{"start":{"line":106,"column":6},"end":{"line":107,"column":20}},{"start":{"line":108,"column":6},"end":{"line":109,"column":20}},{"start":{"line":110,"column":6},"end":{"line":111,"column":20}}]},"4":{"loc":{"start":{"line":122,"column":4},"end":{"line":122,"column":24}},"type":"default-arg","locations":[{"start":{"line":122,"column":19},"end":{"line":122,"column":24}}]},"5":{"loc":{"start":{"line":124,"column":4},"end":{"line":140,"column":5}},"type":"if","locations":[{"start":{"line":124,"column":4},"end":{"line":140,"column":5}},{"start":{"line":134,"column":11},"end":{"line":140,"column":5}}]},"6":{"loc":{"start":{"line":125,"column":20},"end":{"line":127,"column":34}},"type":"cond-expr","locations":[{"start":{"line":126,"column":10},"end":{"line":126,"column":43}},{"start":{"line":127,"column":10},"end":{"line":127,"column":34}}]},"7":{"loc":{"start":{"line":129,"column":22},"end":{"line":131,"column":49}},"type":"cond-expr","locations":[{"start":{"line":130,"column":10},"end":{"line":130,"column":71}},{"start":{"line":131,"column":10},"end":{"line":131,"column":49}}]}},"s":{"0":1,"1":1,"2":1,"3":0,"4":0,"5":0,"6":0,"7":0,"8":0,"9":0,"10":0,"11":0,"12":0,"13":0,"14":0,"15":0,"16":0,"17":0,"18":0,"19":0,"20":0,"21":0,"22":1,"23":1,"24":1},"f":{"0":1,"1":1,"2":0,"3":0,"4":0,"5":0,"6":0,"7":0,"8":0,"9":0},"b":{"0":[1],"1":[0,0],"2":[0,0],"3":[0,0,0,0,0],"4":[0],"5":[0,0],"6":[0,0],"7":[0,0]}}}}
