{"numFailedTestSuites":0,"numFailedTests":0,"numPassedTestSuites":1,"numPassedTests":11,"numPendingTestSuites":0,"numPendingTests":0,"numRuntimeErrorTestSuites":0,"numTodoTests":0,"numTotalTestSuites":1,"numTotalTests":11,"openHandles":[],"snapshot":{"added":0,"didUpdate":false,"failure":false,"filesAdded":0,"filesRemoved":0,"filesRemovedList":[],"filesUnmatched":0,"filesUpdated":0,"matched":0,"total":0,"unchecked":0,"uncheckedKeysByFile":[],"unmatched":0,"updated":0},"startTime":1749746621714,"success":false,"testResults":[{"assertionResults":[{"ancestorTitles":["FinancialCalculator","Moving Average"],"duration":6,"failureDetails":[],"failureMessages":[],"fullName":"FinancialCalculator Moving Average dovrebbe calcolare correttamente la media mobile semplice","invocations":1,"location":null,"numPassingAsserts":5,"retryReasons":[],"status":"passed","title":"dovrebbe calcolare correttamente la media mobile semplice"},{"ancestorTitles":["FinancialCalculator","Moving Average"],"duration":15,"failureDetails":[],"failureMessages":[],"fullName":"FinancialCalculator Moving Average dovrebbe lanciare un errore con dati insufficienti","invocations":1,"location":null,"numPassingAsserts":1,"retryReasons":[],"status":"passed","title":"dovrebbe lanciare un errore con dati insufficienti"},{"ancestorTitles":["FinancialCalculator","RSI (Relative Strength Index)"],"duration":3,"failureDetails":[],"failureMessages":[],"fullName":"FinancialCalculator RSI (Relative Strength Index) dovrebbe calcolare correttamente l'RSI","invocations":1,"location":null,"numPassingAsserts":6,"retryReasons":[],"status":"passed","title":"dovrebbe calcolare correttamente l'RSI"},{"ancestorTitles":["FinancialCalculator","RSI (Relative Strength Index)"],"duration":2,"failureDetails":[],"failureMessages":[],"fullName":"FinancialCalculator RSI (Relative Strength Index) dovrebbe lanciare un errore con dati insufficienti","invocations":1,"location":null,"numPassingAsserts":1,"retryReasons":[],"status":"passed","title":"dovrebbe lanciare un errore con dati insufficienti"},{"ancestorTitles":["FinancialCalculator","RSI (Relative Strength Index)"],"duration":2,"failureDetails":[],"failureMessages":[],"fullName":"FinancialCalculator RSI (Relative Strength Index) dovrebbe gestire correttamente i casi limite","invocations":1,"location":null,"numPassingAsserts":2,"retryReasons":[],"status":"passed","title":"dovrebbe gestire correttamente i casi limite"},{"ancestorTitles":["FinancialCalculator","Bollinger Bands"],"duration":1,"failureDetails":[],"failureMessages":[],"fullName":"FinancialCalculator Bollinger Bands dovrebbe calcolare correttamente le Bollinger Bands","invocations":1,"location":null,"numPassingAsserts":6,"retryReasons":[],"status":"passed","title":"dovrebbe calcolare correttamente le Bollinger Bands"},{"ancestorTitles":["FinancialCalculator","Bollinger Bands"],"duration":1,"failureDetails":[],"failureMessages":[],"fullName":"FinancialCalculator Bollinger Bands dovrebbe lanciare un errore con dati insufficienti","invocations":1,"location":null,"numPassingAsserts":1,"retryReasons":[],"status":"passed","title":"dovrebbe lanciare un errore con dati insufficienti"},{"ancestorTitles":["FinancialCalculator","Bollinger Bands"],"duration":1,"failureDetails":[],"failureMessages":[],"fullName":"FinancialCalculator Bollinger Bands dovrebbe gestire correttamente i casi limite","invocations":1,"location":null,"numPassingAsserts":2,"retryReasons":[],"status":"passed","title":"dovrebbe gestire correttamente i casi limite"},{"ancestorTitles":["FinancialCalculator","Valutazione Qualità Dati"],"duration":2,"failureDetails":[],"failureMessages":[],"fullName":"FinancialCalculator Valutazione Qualità Dati dovrebbe valutare correttamente la qualità dei dati","invocations":1,"location":null,"numPassingAsserts":2,"retryReasons":[],"status":"passed","title":"dovrebbe valutare correttamente la qualità dei dati"},{"ancestorTitles":["FinancialCalculator","Gestione Errori"],"duration":6,"failureDetails":[],"failureMessages":[],"fullName":"FinancialCalculator Gestione Errori dovrebbe gestire correttamente i dati invalidi","invocations":1,"location":null,"numPassingAsserts":3,"retryReasons":[],"status":"passed","title":"dovrebbe gestire correttamente i dati invalidi"},{"ancestorTitles":["FinancialCalculator","Gestione Errori"],"duration":4,"failureDetails":[],"failureMessages":[],"fullName":"FinancialCalculator Gestione Errori dovrebbe gestire correttamente i parametri invalidi","invocations":1,"location":null,"numPassingAsserts":6,"retryReasons":[],"status":"passed","title":"dovrebbe gestire correttamente i parametri invalidi"}],"endTime":1749746624858,"message":"","name":"D:\\student-analyst\\src\\services\\__tests__\\FinancialCalculator.test.ts","startTime":1749746623016,"status":"passed","summary":""}],"wasInterrupted":false,"coverageMap":{"D:\\student-analyst\\src\\services\\FinancialCalculator.ts":{"path":"D:\\student-analyst\\src\\services\\FinancialCalculator.ts","statementMap":{"0":{"start":{"line":1,"column":0},"end":{"line":1,"column":60}},"1":{"start":{"line":26,"column":4},"end":{"line":26,"column":65}},"2":{"start":{"line":30,"column":4},"end":{"line":32,"column":5}},"3":{"start":{"line":31,"column":6},"end":{"line":31,"column":63}},"4":{"start":{"line":33,"column":4},"end":{"line":33,"column":40}},"5":{"start":{"line":37,"column":4},"end":{"line":39,"column":5}},"6":{"start":{"line":38,"column":6},"end":{"line":38,"column":97}},"7":{"start":{"line":40,"column":4},"end":{"line":42,"column":5}},"8":{"start":{"line":40,"column":23},"end":{"line":40,"column":94}},"9":{"start":{"line":41,"column":6},"end":{"line":41,"column":44}},"10":{"start":{"line":44,"column":19},"end":{"line":44,"column":41}},"11":{"start":{"line":44,"column":33},"end":{"line":44,"column":40}},"12":{"start":{"line":45,"column":16},"end":{"line":45,"column":64}},"13":{"start":{"line":45,"column":55},"end":{"line":45,"column":60}},"14":{"start":{"line":46,"column":20},"end":{"line":46,"column":32}},"15":{"start":{"line":48,"column":4},"end":{"line":57,"column":6}},"16":{"start":{"line":61,"column":4},"end":{"line":63,"column":5}},"17":{"start":{"line":62,"column":6},"end":{"line":62,"column":86}},"18":{"start":{"line":64,"column":4},"end":{"line":66,"column":5}},"19":{"start":{"line":64,"column":23},"end":{"line":64,"column":94}},"20":{"start":{"line":65,"column":6},"end":{"line":65,"column":44}},"21":{"start":{"line":68,"column":19},"end":{"line":68,"column":41}},"22":{"start":{"line":68,"column":33},"end":{"line":68,"column":40}},"23":{"start":{"line":69,"column":20},"end":{"line":69,"column":72}},"24":{"start":{"line":69,"column":54},"end":{"line":69,"column":71}},"25":{"start":{"line":71,"column":18},"end":{"line":71,"column":64}},"26":{"start":{"line":71,"column":40},"end":{"line":71,"column":63}},"27":{"start":{"line":72,"column":19},"end":{"line":72,"column":66}},"28":{"start":{"line":72,"column":41},"end":{"line":72,"column":65}},"29":{"start":{"line":74,"column":20},"end":{"line":74,"column":63}},"30":{"start":{"line":75,"column":20},"end":{"line":75,"column":64}},"31":{"start":{"line":77,"column":15},"end":{"line":77,"column":32}},"32":{"start":{"line":78,"column":16},"end":{"line":78,"column":38}},"33":{"start":{"line":80,"column":4},"end":{"line":89,"column":6}},"34":{"start":{"line":93,"column":4},"end":{"line":95,"column":5}},"35":{"start":{"line":94,"column":6},"end":{"line":94,"column":105}},"36":{"start":{"line":96,"column":4},"end":{"line":98,"column":5}},"37":{"start":{"line":96,"column":23},"end":{"line":96,"column":94}},"38":{"start":{"line":97,"column":6},"end":{"line":97,"column":44}},"39":{"start":{"line":100,"column":19},"end":{"line":100,"column":41}},"40":{"start":{"line":100,"column":33},"end":{"line":100,"column":40}},"41":{"start":{"line":101,"column":16},"end":{"line":101,"column":63}},"42":{"start":{"line":103,"column":31},"end":{"line":103,"column":91}},"43":{"start":{"line":103,"column":66},"end":{"line":103,"column":90}},"44":{"start":{"line":104,"column":21},"end":{"line":104,"column":62}},"45":{"start":{"line":105,"column":30},"end":{"line":105,"column":49}},"46":{"start":{"line":107,"column":22},"end":{"line":107,"column":56}},"47":{"start":{"line":108,"column":22},"end":{"line":108,"column":56}},"48":{"start":{"line":110,"column":4},"end":{"line":119,"column":6}},"49":{"start":{"line":123,"column":4},"end":{"line":123,"column":63}},"50":{"start":{"line":123,"column":36},"end":{"line":123,"column":41}},"51":{"start":{"line":130,"column":24},"end":{"line":130,"column":52}},"52":{"start":{"line":131,"column":25},"end":{"line":131,"column":58}},"53":{"start":{"line":133,"column":4},"end":{"line":133,"column":44}},"54":{"start":{"line":141,"column":20},"end":{"line":141,"column":43}},"55":{"start":{"line":141,"column":34},"end":{"line":141,"column":42}},"56":{"start":{"line":142,"column":22},"end":{"line":142,"column":52}},"57":{"start":{"line":143,"column":22},"end":{"line":143,"column":45}},"58":{"start":{"line":144,"column":24},"end":{"line":144,"column":71}},"59":{"start":{"line":146,"column":23},"end":{"line":146,"column":59}},"60":{"start":{"line":146,"column":37},"end":{"line":146,"column":58}},"61":{"start":{"line":147,"column":22},"end":{"line":147,"column":80}},"62":{"start":{"line":147,"column":59},"end":{"line":147,"column":79}},"63":{"start":{"line":148,"column":24},"end":{"line":148,"column":69}},"64":{"start":{"line":149,"column":29},"end":{"line":149,"column":75}},"65":{"start":{"line":150,"column":28},"end":{"line":150,"column":90}},"66":{"start":{"line":151,"column":4},"end":{"line":151,"column":47}},"67":{"start":{"line":155,"column":31},"end":{"line":155,"column":70}},"68":{"start":{"line":155,"column":48},"end":{"line":155,"column":69}},"69":{"start":{"line":156,"column":4},"end":{"line":156,"column":53}},"70":{"start":{"line":21,"column":0},"end":{"line":21,"column":13}}},"fnMap":{"0":{"name":"(anonymous_0)","decl":{"start":{"line":25,"column":2},"end":{"line":25,"column":null}},"loc":{"start":{"line":25,"column":2},"end":{"line":27,"column":3}}},"1":{"name":"(anonymous_1)","decl":{"start":{"line":29,"column":9},"end":{"line":29,"column":15}},"loc":{"start":{"line":29,"column":27},"end":{"line":34,"column":3}}},"2":{"name":"(anonymous_2)","decl":{"start":{"line":36,"column":9},"end":{"line":36,"column":31}},"loc":{"start":{"line":36,"column":69},"end":{"line":58,"column":3}}},"3":{"name":"(anonymous_3)","decl":{"start":{"line":40,"column":18},"end":{"line":40,"column":19}},"loc":{"start":{"line":40,"column":23},"end":{"line":40,"column":94}}},"4":{"name":"(anonymous_4)","decl":{"start":{"line":44,"column":28},"end":{"line":44,"column":29}},"loc":{"start":{"line":44,"column":33},"end":{"line":44,"column":40}}},"5":{"name":"(anonymous_5)","decl":{"start":{"line":45,"column":45},"end":{"line":45,"column":46}},"loc":{"start":{"line":45,"column":55},"end":{"line":45,"column":60}}},"6":{"name":"(anonymous_6)","decl":{"start":{"line":60,"column":9},"end":{"line":60,"column":21}},"loc":{"start":{"line":60,"column":64},"end":{"line":90,"column":3}}},"7":{"name":"(anonymous_7)","decl":{"start":{"line":64,"column":18},"end":{"line":64,"column":19}},"loc":{"start":{"line":64,"column":23},"end":{"line":64,"column":94}}},"8":{"name":"(anonymous_8)","decl":{"start":{"line":68,"column":28},"end":{"line":68,"column":29}},"loc":{"start":{"line":68,"column":33},"end":{"line":68,"column":40}}},"9":{"name":"(anonymous_9)","decl":{"start":{"line":69,"column":40},"end":{"line":69,"column":41}},"loc":{"start":{"line":69,"column":54},"end":{"line":69,"column":71}}},"10":{"name":"(anonymous_10)","decl":{"start":{"line":71,"column":30},"end":{"line":71,"column":36}},"loc":{"start":{"line":71,"column":40},"end":{"line":71,"column":63}}},"11":{"name":"(anonymous_11)","decl":{"start":{"line":72,"column":31},"end":{"line":72,"column":37}},"loc":{"start":{"line":72,"column":41},"end":{"line":72,"column":65}}},"12":{"name":"(anonymous_12)","decl":{"start":{"line":92,"column":9},"end":{"line":92,"column":32}},"loc":{"start":{"line":92,"column":95},"end":{"line":120,"column":3}}},"13":{"name":"(anonymous_13)","decl":{"start":{"line":96,"column":18},"end":{"line":96,"column":19}},"loc":{"start":{"line":96,"column":23},"end":{"line":96,"column":94}}},"14":{"name":"(anonymous_14)","decl":{"start":{"line":100,"column":28},"end":{"line":100,"column":29}},"loc":{"start":{"line":100,"column":33},"end":{"line":100,"column":40}}},"15":{"name":"(anonymous_15)","decl":{"start":{"line":103,"column":57},"end":{"line":103,"column":62}},"loc":{"start":{"line":103,"column":66},"end":{"line":103,"column":90}}},"16":{"name":"(anonymous_16)","decl":{"start":{"line":122,"column":10},"end":{"line":122,"column":26}},"loc":{"start":{"line":122,"column":44},"end":{"line":124,"column":3}}},"17":{"name":"(anonymous_17)","decl":{"start":{"line":123,"column":26},"end":{"line":123,"column":27}},"loc":{"start":{"line":123,"column":36},"end":{"line":123,"column":41}}},"18":{"name":"(anonymous_18)","decl":{"start":{"line":126,"column":10},"end":{"line":126,"column":29}},"loc":{"start":{"line":126,"column":67},"end":{"line":134,"column":3}}},"19":{"name":"(anonymous_19)","decl":{"start":{"line":136,"column":10},"end":{"line":136,"column":27}},"loc":{"start":{"line":136,"column":49},"end":{"line":152,"column":3}}},"20":{"name":"(anonymous_20)","decl":{"start":{"line":141,"column":29},"end":{"line":141,"column":30}},"loc":{"start":{"line":141,"column":34},"end":{"line":141,"column":42}}},"21":{"name":"(anonymous_21)","decl":{"start":{"line":146,"column":32},"end":{"line":146,"column":33}},"loc":{"start":{"line":146,"column":37},"end":{"line":146,"column":58}}},"22":{"name":"(anonymous_22)","decl":{"start":{"line":147,"column":46},"end":{"line":147,"column":47}},"loc":{"start":{"line":147,"column":59},"end":{"line":147,"column":79}}},"23":{"name":"(anonymous_23)","decl":{"start":{"line":154,"column":10},"end":{"line":154,"column":27}},"loc":{"start":{"line":154,"column":59},"end":{"line":157,"column":3}}},"24":{"name":"(anonymous_24)","decl":{"start":{"line":155,"column":43},"end":{"line":155,"column":44}},"loc":{"start":{"line":155,"column":48},"end":{"line":155,"column":69}}}},"branchMap":{"0":{"loc":{"start":{"line":30,"column":4},"end":{"line":32,"column":5}},"type":"if","locations":[{"start":{"line":30,"column":4},"end":{"line":32,"column":5}}]},"1":{"loc":{"start":{"line":37,"column":4},"end":{"line":39,"column":5}},"type":"if","locations":[{"start":{"line":37,"column":4},"end":{"line":39,"column":5}}]},"2":{"loc":{"start":{"line":37,"column":8},"end":{"line":37,"column":95}},"type":"binary-expr","locations":[{"start":{"line":37,"column":8},"end":{"line":37,"column":28}},{"start":{"line":37,"column":32},"end":{"line":37,"column":52}},{"start":{"line":37,"column":56},"end":{"line":37,"column":67}},{"start":{"line":37,"column":71},"end":{"line":37,"column":95}}]},"3":{"loc":{"start":{"line":40,"column":4},"end":{"line":42,"column":5}},"type":"if","locations":[{"start":{"line":40,"column":4},"end":{"line":42,"column":5}}]},"4":{"loc":{"start":{"line":40,"column":23},"end":{"line":40,"column":94}},"type":"binary-expr","locations":[{"start":{"line":40,"column":23},"end":{"line":40,"column":50}},{"start":{"line":40,"column":54},"end":{"line":40,"column":79}},{"start":{"line":40,"column":83},"end":{"line":40,"column":94}}]},"5":{"loc":{"start":{"line":60,"column":45},"end":{"line":60,"column":64}},"type":"default-arg","locations":[{"start":{"line":60,"column":62},"end":{"line":60,"column":64}}]},"6":{"loc":{"start":{"line":61,"column":4},"end":{"line":63,"column":5}},"type":"if","locations":[{"start":{"line":61,"column":4},"end":{"line":63,"column":5}}]},"7":{"loc":{"start":{"line":61,"column":8},"end":{"line":61,"column":99}},"type":"binary-expr","locations":[{"start":{"line":61,"column":8},"end":{"line":61,"column":28}},{"start":{"line":61,"column":32},"end":{"line":61,"column":56}},{"start":{"line":61,"column":60},"end":{"line":61,"column":71}},{"start":{"line":61,"column":75},"end":{"line":61,"column":99}}]},"8":{"loc":{"start":{"line":64,"column":4},"end":{"line":66,"column":5}},"type":"if","locations":[{"start":{"line":64,"column":4},"end":{"line":66,"column":5}}]},"9":{"loc":{"start":{"line":64,"column":23},"end":{"line":64,"column":94}},"type":"binary-expr","locations":[{"start":{"line":64,"column":23},"end":{"line":64,"column":50}},{"start":{"line":64,"column":54},"end":{"line":64,"column":79}},{"start":{"line":64,"column":83},"end":{"line":64,"column":94}}]},"10":{"loc":{"start":{"line":71,"column":40},"end":{"line":71,"column":63}},"type":"cond-expr","locations":[{"start":{"line":71,"column":53},"end":{"line":71,"column":59}},{"start":{"line":71,"column":62},"end":{"line":71,"column":63}}]},"11":{"loc":{"start":{"line":72,"column":41},"end":{"line":72,"column":65}},"type":"cond-expr","locations":[{"start":{"line":72,"column":54},"end":{"line":72,"column":61}},{"start":{"line":72,"column":64},"end":{"line":72,"column":65}}]},"12":{"loc":{"start":{"line":92,"column":56},"end":{"line":92,"column":75}},"type":"default-arg","locations":[{"start":{"line":92,"column":73},"end":{"line":92,"column":75}}]},"13":{"loc":{"start":{"line":92,"column":77},"end":{"line":92,"column":95}},"type":"default-arg","locations":[{"start":{"line":92,"column":94},"end":{"line":92,"column":95}}]},"14":{"loc":{"start":{"line":93,"column":4},"end":{"line":95,"column":5}},"type":"if","locations":[{"start":{"line":93,"column":4},"end":{"line":95,"column":5}}]},"15":{"loc":{"start":{"line":93,"column":8},"end":{"line":93,"column":138}},"type":"binary-expr","locations":[{"start":{"line":93,"column":8},"end":{"line":93,"column":28}},{"start":{"line":93,"column":32},"end":{"line":93,"column":52}},{"start":{"line":93,"column":56},"end":{"line":93,"column":67}},{"start":{"line":93,"column":71},"end":{"line":93,"column":95}},{"start":{"line":93,"column":99},"end":{"line":93,"column":110}},{"start":{"line":93,"column":114},"end":{"line":93,"column":138}}]},"16":{"loc":{"start":{"line":96,"column":4},"end":{"line":98,"column":5}},"type":"if","locations":[{"start":{"line":96,"column":4},"end":{"line":98,"column":5}}]},"17":{"loc":{"start":{"line":96,"column":23},"end":{"line":96,"column":94}},"type":"binary-expr","locations":[{"start":{"line":96,"column":23},"end":{"line":96,"column":50}},{"start":{"line":96,"column":54},"end":{"line":96,"column":79}},{"start":{"line":96,"column":83},"end":{"line":96,"column":94}}]}},"s":{"0":1,"1":11,"2":11,"3":11,"4":11,"5":10,"6":3,"7":7,"8":181,"9":1,"10":6,"11":180,"12":6,"13":75,"14":6,"15":6,"16":7,"17":3,"18":4,"19":91,"20":1,"21":3,"22":90,"23":3,"24":87,"25":3,"26":87,"27":3,"28":87,"29":3,"30":3,"31":3,"32":3,"33":3,"34":7,"35":3,"36":4,"37":91,"38":1,"39":3,"40":90,"41":3,"42":3,"43":60,"44":3,"45":3,"46":3,"47":3,"48":3,"49":45,"50":1200,"51":12,"52":12,"53":12,"54":12,"55":360,"56":12,"57":12,"58":12,"59":12,"60":360,"61":12,"62":348,"63":12,"64":12,"65":12,"66":12,"67":12,"68":348,"69":12,"70":1},"f":{"0":11,"1":11,"2":10,"3":181,"4":180,"5":75,"6":7,"7":91,"8":90,"9":87,"10":87,"11":87,"12":7,"13":91,"14":90,"15":60,"16":45,"17":1200,"18":12,"19":12,"20":360,"21":360,"22":348,"23":12,"24":348},"b":{"0":[11],"1":[3],"2":[10,10,9,7],"3":[1],"4":[181,181,180],"5":[2],"6":[3],"7":[7,7,6,4],"8":[1],"9":[91,91,90],"10":[43,44],"11":[44,43],"12":[2],"13":[3],"14":[3],"15":[7,7,6,6,6,4],"16":[1],"17":[91,91,90]}},"D:\\student-analyst\\src\\services\\NotificationManager.ts":{"path":"D:\\student-analyst\\src\\services\\NotificationManager.ts","statementMap":{"0":{"start":{"line":22,"column":4},"end":{"line":24,"column":5}},"1":{"start":{"line":23,"column":6},"end":{"line":23,"column":63}},"2":{"start":{"line":25,"column":4},"end":{"line":25,"column":40}},"3":{"start":{"line":36,"column":4},"end":{"line":36,"column":67}},"4":{"start":{"line":47,"column":4},"end":{"line":47,"column":65}},"5":{"start":{"line":58,"column":4},"end":{"line":58,"column":67}},"6":{"start":{"line":69,"column":4},"end":{"line":69,"column":64}},"7":{"start":{"line":82,"column":20},"end":{"line":82,"column":60}},"8":{"start":{"line":85,"column":18},"end":{"line":91,"column":6}},"9":{"start":{"line":94,"column":4},"end":{"line":94,"column":32}},"10":{"start":{"line":101,"column":4},"end":{"line":112,"column":5}},"11":{"start":{"line":103,"column":8},"end":{"line":103,"column":20}},"12":{"start":{"line":105,"column":8},"end":{"line":105,"column":20}},"13":{"start":{"line":107,"column":8},"end":{"line":107,"column":20}},"14":{"start":{"line":109,"column":8},"end":{"line":109,"column":20}},"15":{"start":{"line":111,"column":8},"end":{"line":111,"column":20}},"16":{"start":{"line":124,"column":4},"end":{"line":140,"column":5}},"17":{"start":{"line":125,"column":20},"end":{"line":127,"column":34}},"18":{"start":{"line":129,"column":22},"end":{"line":131,"column":49}},"19":{"start":{"line":133,"column":6},"end":{"line":133,"column":45}},"20":{"start":{"line":135,"column":6},"end":{"line":139,"column":8}},"21":{"start":{"line":151,"column":4},"end":{"line":155,"column":6}},"22":{"start":{"line":14,"column":0},"end":{"line":14,"column":13}},"23":{"start":{"line":160,"column":13},"end":{"line":160,"column":69}},"24":{"start":{"line":161,"column":0},"end":{"line":161,"column":35}}},"fnMap":{"0":{"name":"(anonymous_0)","decl":{"start":{"line":17,"column":2},"end":{"line":17,"column":null}},"loc":{"start":{"line":17,"column":2},"end":{"line":19,"column":3}}},"1":{"name":"(anonymous_1)","decl":{"start":{"line":21,"column":9},"end":{"line":21,"column":15}},"loc":{"start":{"line":21,"column":27},"end":{"line":26,"column":3}}},"2":{"name":"(anonymous_2)","decl":{"start":{"line":31,"column":9},"end":{"line":31,"column":20}},"loc":{"start":{"line":34,"column":21},"end":{"line":37,"column":3}}},"3":{"name":"(anonymous_3)","decl":{"start":{"line":42,"column":9},"end":{"line":42,"column":18}},"loc":{"start":{"line":45,"column":21},"end":{"line":48,"column":3}}},"4":{"name":"(anonymous_4)","decl":{"start":{"line":53,"column":9},"end":{"line":53,"column":20}},"loc":{"start":{"line":56,"column":21},"end":{"line":59,"column":3}}},"5":{"name":"(anonymous_5)","decl":{"start":{"line":64,"column":9},"end":{"line":64,"column":17}},"loc":{"start":{"line":67,"column":21},"end":{"line":70,"column":3}}},"6":{"name":"(anonymous_6)","decl":{"start":{"line":75,"column":10},"end":{"line":75,"column":30}},"loc":{"start":{"line":79,"column":21},"end":{"line":95,"column":3}}},"7":{"name":"(anonymous_7)","decl":{"start":{"line":100,"column":10},"end":{"line":100,"column":28}},"loc":{"start":{"line":100,"column":41},"end":{"line":113,"column":3}}},"8":{"name":"(anonymous_8)","decl":{"start":{"line":118,"column":9},"end":{"line":118,"column":35}},"loc":{"start":{"line":122,"column":24},"end":{"line":141,"column":3}}},"9":{"name":"(anonymous_9)","decl":{"start":{"line":146,"column":9},"end":{"line":146,"column":39}},"loc":{"start":{"line":149,"column":18},"end":{"line":156,"column":3}}}},"branchMap":{"0":{"loc":{"start":{"line":22,"column":4},"end":{"line":24,"column":5}},"type":"if","locations":[{"start":{"line":22,"column":4},"end":{"line":24,"column":5}}]},"1":{"loc":{"start":{"line":82,"column":20},"end":{"line":82,"column":60}},"type":"cond-expr","locations":[{"start":{"line":82,"column":30},"end":{"line":82,"column":52}},{"start":{"line":82,"column":55},"end":{"line":82,"column":60}}]},"2":{"loc":{"start":{"line":89,"column":18},"end":{"line":89,"column":59}},"type":"binary-expr","locations":[{"start":{"line":89,"column":18},"end":{"line":89,"column":26}},{"start":{"line":89,"column":30},"end":{"line":89,"column":59}}]},"3":{"loc":{"start":{"line":101,"column":4},"end":{"line":112,"column":5}},"type":"switch","locations":[{"start":{"line":102,"column":6},"end":{"line":103,"column":20}},{"start":{"line":104,"column":6},"end":{"line":105,"column":20}},{"start":{"line":106,"column":6},"end":{"line":107,"column":20}},{"start":{"line":108,"column":6},"end":{"line":109,"column":20}},{"start":{"line":110,"column":6},"end":{"line":111,"column":20}}]},"4":{"loc":{"start":{"line":122,"column":4},"end":{"line":122,"column":24}},"type":"default-arg","locations":[{"start":{"line":122,"column":19},"end":{"line":122,"column":24}}]},"5":{"loc":{"start":{"line":124,"column":4},"end":{"line":140,"column":5}},"type":"if","locations":[{"start":{"line":124,"column":4},"end":{"line":140,"column":5}},{"start":{"line":134,"column":11},"end":{"line":140,"column":5}}]},"6":{"loc":{"start":{"line":125,"column":20},"end":{"line":127,"column":34}},"type":"cond-expr","locations":[{"start":{"line":126,"column":10},"end":{"line":126,"column":43}},{"start":{"line":127,"column":10},"end":{"line":127,"column":34}}]},"7":{"loc":{"start":{"line":129,"column":22},"end":{"line":131,"column":49}},"type":"cond-expr","locations":[{"start":{"line":130,"column":10},"end":{"line":130,"column":71}},{"start":{"line":131,"column":10},"end":{"line":131,"column":49}}]}},"s":{"0":1,"1":1,"2":1,"3":0,"4":0,"5":0,"6":0,"7":0,"8":0,"9":0,"10":0,"11":0,"12":0,"13":0,"14":0,"15":0,"16":0,"17":0,"18":0,"19":0,"20":0,"21":0,"22":1,"23":1,"24":1},"f":{"0":1,"1":1,"2":0,"3":0,"4":0,"5":0,"6":0,"7":0,"8":0,"9":0},"b":{"0":[1],"1":[0,0],"2":[0,0],"3":[0,0,0,0,0],"4":[0],"5":[0,0],"6":[0,0],"7":[0,0]}}}}
