{"numFailedTestSuites":0,"numFailedTests":0,"numPassedTestSuites":1,"numPassedTests":14,"numPendingTestSuites":0,"numPendingTests":0,"numRuntimeErrorTestSuites":0,"numTodoTests":0,"numTotalTestSuites":1,"numTotalTests":14,"openHandles":[],"snapshot":{"added":0,"didUpdate":false,"failure":false,"filesAdded":0,"filesRemoved":0,"filesRemovedList":[],"filesUnmatched":0,"filesUpdated":0,"matched":0,"total":0,"unchecked":0,"uncheckedKeysByFile":[],"unmatched":0,"updated":0},"startTime":1749746637924,"success":false,"testResults":[{"assertionResults":[{"ancestorTitles":["FallbackManager","Registrazione Provider"],"duration":5,"failureDetails":[],"failureMessages":[],"fullName":"FallbackManager Registrazione Provider dovrebbe registrare correttamente un nuovo provider","invocations":1,"location":null,"numPassingAsserts":5,"retryReasons":[],"status":"passed","title":"dovrebbe registrare correttamente un nuovo provider"},{"ancestorTitles":["FallbackManager","Registrazione Provider"],"duration":2,"failureDetails":[],"failureMessages":[],"fullName":"FallbackManager Registrazione Provider dovrebbe registrare un provider inizialmente disabilitato","invocations":1,"location":null,"numPassingAsserts":1,"retryReasons":[],"status":"passed","title":"dovrebbe registrare un provider inizialmente disabilitato"},{"ancestorTitles":["FallbackManager","Gestione Successi e Fallimenti"],"duration":2,"failureDetails":[],"failureMessages":[],"fullName":"FallbackManager Gestione Successi e Fallimenti dovrebbe registrare correttamente un successo","invocations":1,"location":null,"numPassingAsserts":3,"retryReasons":[],"status":"passed","title":"dovrebbe registrare correttamente un successo"},{"ancestorTitles":["FallbackManager","Gestione Successi e Fallimenti"],"duration":2,"failureDetails":[],"failureMessages":[],"fullName":"FallbackManager Gestione Successi e Fallimenti dovrebbe registrare correttamente un fallimento","invocations":1,"location":null,"numPassingAsserts":4,"retryReasons":[],"status":"passed","title":"dovrebbe registrare correttamente un fallimento"},{"ancestorTitles":["FallbackManager","Gestione Successi e Fallimenti"],"duration":3,"failureDetails":[],"failureMessages":[],"fullName":"FallbackManager Gestione Successi e Fallimenti dovrebbe disabilitare temporaneamente dopo troppi fallimenti consecutivi","invocations":1,"location":null,"numPassingAsserts":4,"retryReasons":[],"status":"passed","title":"dovrebbe disabilitare temporaneamente dopo troppi fallimenti consecutivi"},{"ancestorTitles":["FallbackManager","Gestione Successi e Fallimenti"],"duration":5,"failureDetails":[],"failureMessages":[],"fullName":"FallbackManager Gestione Successi e Fallimenti dovrebbe riabilitare un provider dopo un successo","invocations":1,"location":null,"numPassingAsserts":3,"retryReasons":[],"status":"passed","title":"dovrebbe riabilitare un provider dopo un successo"},{"ancestorTitles":["FallbackManager","Selezione Provider"],"duration":2,"failureDetails":[],"failureMessages":[],"fullName":"FallbackManager Selezione Provider dovrebbe restituire solo i provider disponibili","invocations":1,"location":null,"numPassingAsserts":2,"retryReasons":[],"status":"passed","title":"dovrebbe restituire solo i provider disponibili"},{"ancestorTitles":["FallbackManager","Selezione Provider"],"duration":2,"failureDetails":[],"failureMessages":[],"fullName":"FallbackManager Selezione Provider dovrebbe ordinare i provider per health score","invocations":1,"location":null,"numPassingAsserts":3,"retryReasons":[],"status":"passed","title":"dovrebbe ordinare i provider per health score"},{"ancestorTitles":["FallbackManager","Selezione Provider"],"duration":2,"failureDetails":[],"failureMessages":[],"fullName":"FallbackManager Selezione Provider dovrebbe restituire il provider migliore","invocations":1,"location":null,"numPassingAsserts":2,"retryReasons":[],"status":"passed","title":"dovrebbe restituire il provider migliore"},{"ancestorTitles":["FallbackManager","Configurazione"],"duration":2,"failureDetails":[],"failureMessages":[],"fullName":"FallbackManager Configurazione dovrebbe aggiornare correttamente la configurazione","invocations":1,"location":null,"numPassingAsserts":2,"retryReasons":[],"status":"passed","title":"dovrebbe aggiornare correttamente la configurazione"},{"ancestorTitles":["FallbackManager","Statistiche e Eventi"],"duration":2,"failureDetails":[],"failureMessages":[],"fullName":"FallbackManager Statistiche e Eventi dovrebbe tracciare correttamente gli eventi","invocations":1,"location":null,"numPassingAsserts":4,"retryReasons":[],"status":"passed","title":"dovrebbe tracciare correttamente gli eventi"},{"ancestorTitles":["FallbackManager","Statistiche e Eventi"],"duration":2,"failureDetails":[],"failureMessages":[],"fullName":"FallbackManager Statistiche e Eventi dovrebbe fornire statistiche accurate","invocations":1,"location":null,"numPassingAsserts":3,"retryReasons":[],"status":"passed","title":"dovrebbe fornire statistiche accurate"},{"ancestorTitles":["FallbackManager","Statistiche e Eventi"],"duration":2,"failureDetails":[],"failureMessages":[],"fullName":"FallbackManager Statistiche e Eventi dovrebbe resettare correttamente le statistiche","invocations":1,"location":null,"numPassingAsserts":4,"retryReasons":[],"status":"passed","title":"dovrebbe resettare correttamente le statistiche"},{"ancestorTitles":["FallbackManager","Recovery Automatico"],"duration":4,"failureDetails":[],"failureMessages":[],"fullName":"FallbackManager Recovery Automatico dovrebbe tentare il recovery automatico dopo il periodo di disabilitazione","invocations":1,"location":null,"numPassingAsserts":1,"retryReasons":[],"status":"passed","title":"dovrebbe tentare il recovery automatico dopo il periodo di disabilitazione"}],"endTime":1749746640750,"message":"","name":"D:\\student-analyst\\src\\services\\__tests__\\FallbackManager.test.ts","startTime":1749746639218,"status":"passed","summary":""}],"wasInterrupted":false,"coverageMap":{"D:\\student-analyst\\src\\services\\FallbackManager.ts":{"path":"D:\\student-analyst\\src\\services\\FallbackManager.ts","statementMap":{"0":{"start":{"line":6,"column":0},"end":{"line":6,"column":60}},"1":{"start":{"line":45,"column":10},"end":{"line":45,"column":61}},"2":{"start":{"line":47,"column":10},"end":{"line":47,"column":45}},"3":{"start":{"line":51,"column":4},"end":{"line":57,"column":6}},"4":{"start":{"line":59,"column":4},"end":{"line":59,"column":65}},"5":{"start":{"line":62,"column":4},"end":{"line":64,"column":5}},"6":{"start":{"line":63,"column":6},"end":{"line":63,"column":37}},"7":{"start":{"line":68,"column":4},"end":{"line":70,"column":5}},"8":{"start":{"line":69,"column":6},"end":{"line":69,"column":55}},"9":{"start":{"line":71,"column":4},"end":{"line":71,"column":36}},"10":{"start":{"line":78,"column":4},"end":{"line":87,"column":7}},"11":{"start":{"line":89,"column":4},"end":{"line":94,"column":7}},"12":{"start":{"line":101,"column":21},"end":{"line":101,"column":51}},"13":{"start":{"line":102,"column":4},"end":{"line":102,"column":26}},"14":{"start":{"line":102,"column":19},"end":{"line":102,"column":26}},"15":{"start":{"line":104,"column":35},"end":{"line":104,"column":65}},"16":{"start":{"line":107,"column":4},"end":{"line":107,"column":37}},"17":{"start":{"line":108,"column":4},"end":{"line":108,"column":30}},"18":{"start":{"line":109,"column":4},"end":{"line":109,"column":42}},"19":{"start":{"line":110,"column":4},"end":{"line":110,"column":43}},"20":{"start":{"line":111,"column":4},"end":{"line":111,"column":39}},"21":{"start":{"line":114,"column":4},"end":{"line":114,"column":67}},"22":{"start":{"line":116,"column":4},"end":{"line":122,"column":7}},"23":{"start":{"line":125,"column":4},"end":{"line":130,"column":5}},"24":{"start":{"line":126,"column":6},"end":{"line":129,"column":8}},"25":{"start":{"line":137,"column":21},"end":{"line":137,"column":51}},"26":{"start":{"line":138,"column":4},"end":{"line":138,"column":32}},"27":{"start":{"line":138,"column":19},"end":{"line":138,"column":32}},"28":{"start":{"line":140,"column":4},"end":{"line":140,"column":35}},"29":{"start":{"line":141,"column":4},"end":{"line":141,"column":29}},"30":{"start":{"line":142,"column":4},"end":{"line":142,"column":42}},"31":{"start":{"line":145,"column":4},"end":{"line":145,"column":65}},"32":{"start":{"line":147,"column":4},"end":{"line":153,"column":7}},"33":{"start":{"line":156,"column":4},"end":{"line":159,"column":5}},"34":{"start":{"line":157,"column":6},"end":{"line":157,"column":50}},"35":{"start":{"line":158,"column":6},"end":{"line":158,"column":18}},"36":{"start":{"line":162,"column":4},"end":{"line":167,"column":5}},"37":{"start":{"line":163,"column":6},"end":{"line":166,"column":8}},"38":{"start":{"line":169,"column":4},"end":{"line":169,"column":17}},"39":{"start":{"line":176,"column":21},"end":{"line":176,"column":51}},"40":{"start":{"line":177,"column":4},"end":{"line":177,"column":26}},"41":{"start":{"line":177,"column":19},"end":{"line":177,"column":26}},"42":{"start":{"line":179,"column":4},"end":{"line":179,"column":42}},"43":{"start":{"line":180,"column":4},"end":{"line":180,"column":101}},"44":{"start":{"line":181,"column":4},"end":{"line":181,"column":66}},"45":{"start":{"line":183,"column":4},"end":{"line":188,"column":7}},"46":{"start":{"line":190,"column":4},"end":{"line":196,"column":5}},"47":{"start":{"line":191,"column":6},"end":{"line":195,"column":8}},"48":{"start":{"line":203,"column":16},"end":{"line":203,"column":26}},"49":{"start":{"line":205,"column":4},"end":{"line":231,"column":9}},"50":{"start":{"line":208,"column":8},"end":{"line":208,"column":46}},"51":{"start":{"line":208,"column":33},"end":{"line":208,"column":46}},"52":{"start":{"line":211,"column":8},"end":{"line":219,"column":9}},"53":{"start":{"line":212,"column":10},"end":{"line":217,"column":11}},"54":{"start":{"line":214,"column":12},"end":{"line":214,"column":51}},"55":{"start":{"line":215,"column":12},"end":{"line":215,"column":47}},"56":{"start":{"line":216,"column":12},"end":{"line":216,"column":24}},"57":{"start":{"line":218,"column":10},"end":{"line":218,"column":23}},"58":{"start":{"line":221,"column":8},"end":{"line":221,"column":47}},"59":{"start":{"line":225,"column":8},"end":{"line":227,"column":9}},"60":{"start":{"line":226,"column":10},"end":{"line":226,"column":47}},"61":{"start":{"line":230,"column":8},"end":{"line":230,"column":61}},"62":{"start":{"line":238,"column":22},"end":{"line":238,"column":50}},"63":{"start":{"line":239,"column":4},"end":{"line":239,"column":54}},"64":{"start":{"line":246,"column":21},"end":{"line":246,"column":51}},"65":{"start":{"line":247,"column":4},"end":{"line":247,"column":32}},"66":{"start":{"line":247,"column":19},"end":{"line":247,"column":32}},"67":{"start":{"line":249,"column":4},"end":{"line":250,"column":42}},"68":{"start":{"line":257,"column":21},"end":{"line":257,"column":51}},"69":{"start":{"line":258,"column":4},"end":{"line":258,"column":26}},"70":{"start":{"line":258,"column":19},"end":{"line":258,"column":26}},"71":{"start":{"line":260,"column":4},"end":{"line":260,"column":33}},"72":{"start":{"line":262,"column":4},"end":{"line":267,"column":5}},"73":{"start":{"line":264,"column":6},"end":{"line":264,"column":45}},"74":{"start":{"line":265,"column":6},"end":{"line":265,"column":41}},"75":{"start":{"line":266,"column":6},"end":{"line":266,"column":39}},"76":{"start":{"line":269,"column":4},"end":{"line":274,"column":7}},"77":{"start":{"line":276,"column":9},"end":{"line":286,"column":6}},"78":{"start":{"line":277,"column":23},"end":{"line":279,"column":50}},"79":{"start":{"line":281,"column":7},"end":{"line":285,"column":8}},"80":{"start":{"line":282,"column":9},"end":{"line":282,"column":55}},"81":{"start":{"line":284,"column":9},"end":{"line":284,"column":55}},"82":{"start":{"line":293,"column":4},"end":{"line":293,"column":47}},"83":{"start":{"line":300,"column":22},"end":{"line":300,"column":57}},"84":{"start":{"line":301,"column":27},"end":{"line":301,"column":43}},"85":{"start":{"line":302,"column":29},"end":{"line":302,"column":70}},"86":{"start":{"line":302,"column":51},"end":{"line":302,"column":62}},"87":{"start":{"line":303,"column":31},"end":{"line":303,"column":66}},"88":{"start":{"line":304,"column":29},"end":{"line":304,"column":77}},"89":{"start":{"line":304,"column":51},"end":{"line":304,"column":69}},"90":{"start":{"line":306,"column":26},"end":{"line":306,"column":80}},"91":{"start":{"line":306,"column":55},"end":{"line":306,"column":76}},"92":{"start":{"line":307,"column":27},"end":{"line":307,"column":82}},"93":{"start":{"line":307,"column":56},"end":{"line":307,"column":78}},"94":{"start":{"line":308,"column":28},"end":{"line":308,"column":58}},"95":{"start":{"line":309,"column":24},"end":{"line":309,"column":82}},"96":{"start":{"line":311,"column":4},"end":{"line":322,"column":6}},"97":{"start":{"line":318,"column":52},"end":{"line":318,"column":83}},"98":{"start":{"line":320,"column":21},"end":{"line":320,"column":52}},"99":{"start":{"line":321,"column":24},"end":{"line":321,"column":69}},"100":{"start":{"line":330,"column":4},"end":{"line":330,"column":53}},"101":{"start":{"line":337,"column":4},"end":{"line":337,"column":51}},"102":{"start":{"line":340,"column":4},"end":{"line":344,"column":5}},"103":{"start":{"line":341,"column":6},"end":{"line":343,"column":7}},"104":{"start":{"line":342,"column":8},"end":{"line":342,"column":39}},"105":{"start":{"line":351,"column":4},"end":{"line":356,"column":5}},"106":{"start":{"line":352,"column":6},"end":{"line":352,"column":34}},"107":{"start":{"line":353,"column":6},"end":{"line":353,"column":33}},"108":{"start":{"line":354,"column":6},"end":{"line":354,"column":39}},"109":{"start":{"line":355,"column":6},"end":{"line":355,"column":33}},"110":{"start":{"line":357,"column":4},"end":{"line":359,"column":5}},"111":{"start":{"line":358,"column":6},"end":{"line":358,"column":107}},"112":{"start":{"line":366,"column":4},"end":{"line":366,"column":34}},"113":{"start":{"line":369,"column":4},"end":{"line":371,"column":5}},"114":{"start":{"line":370,"column":6},"end":{"line":370,"column":57}},"115":{"start":{"line":379,"column":4},"end":{"line":379,"column":79}},"116":{"start":{"line":379,"column":72},"end":{"line":379,"column":79}},"117":{"start":{"line":380,"column":4},"end":{"line":380,"column":100}},"118":{"start":{"line":380,"column":22},"end":{"line":380,"column":52}},"119":{"start":{"line":387,"column":16},"end":{"line":387,"column":26}},"120":{"start":{"line":389,"column":4},"end":{"line":411,"column":5}},"121":{"start":{"line":390,"column":6},"end":{"line":410,"column":7}},"122":{"start":{"line":391,"column":8},"end":{"line":409,"column":9}},"123":{"start":{"line":393,"column":10},"end":{"line":393,"column":49}},"124":{"start":{"line":394,"column":10},"end":{"line":394,"column":45}},"125":{"start":{"line":396,"column":10},"end":{"line":401,"column":13}},"126":{"start":{"line":403,"column":10},"end":{"line":408,"column":11}},"127":{"start":{"line":404,"column":12},"end":{"line":407,"column":14}},"128":{"start":{"line":42,"column":0},"end":{"line":42,"column":13}},"129":{"start":{"line":416,"column":13},"end":{"line":416,"column":61}},"130":{"start":{"line":417,"column":0},"end":{"line":417,"column":31}}},"fnMap":{"0":{"name":"(anonymous_0)","decl":{"start":{"line":50,"column":2},"end":{"line":50,"column":null}},"loc":{"start":{"line":50,"column":2},"end":{"line":65,"column":3}}},"1":{"name":"(anonymous_1)","decl":{"start":{"line":67,"column":9},"end":{"line":67,"column":15}},"loc":{"start":{"line":67,"column":27},"end":{"line":72,"column":3}}},"2":{"name":"(anonymous_2)","decl":{"start":{"line":77,"column":9},"end":{"line":77,"column":25}},"loc":{"start":{"line":77,"column":75},"end":{"line":95,"column":3}}},"3":{"name":"(anonymous_3)","decl":{"start":{"line":100,"column":9},"end":{"line":100,"column":22}},"loc":{"start":{"line":100,"column":41},"end":{"line":131,"column":3}}},"4":{"name":"(anonymous_4)","decl":{"start":{"line":136,"column":9},"end":{"line":136,"column":22}},"loc":{"start":{"line":136,"column":57},"end":{"line":170,"column":3}}},"5":{"name":"(anonymous_5)","decl":{"start":{"line":175,"column":10},"end":{"line":175,"column":36}},"loc":{"start":{"line":175,"column":55},"end":{"line":197,"column":3}}},"6":{"name":"(anonymous_6)","decl":{"start":{"line":202,"column":9},"end":{"line":202,"column":30}},"loc":{"start":{"line":202,"column":30},"end":{"line":232,"column":3}}},"7":{"name":"(anonymous_7)","decl":{"start":{"line":206,"column":14},"end":{"line":206,"column":22}},"loc":{"start":{"line":206,"column":25},"end":{"line":222,"column":7}}},"8":{"name":"(anonymous_8)","decl":{"start":{"line":223,"column":12},"end":{"line":223,"column":13}},"loc":{"start":{"line":223,"column":21},"end":{"line":231,"column":7}}},"9":{"name":"(anonymous_9)","decl":{"start":{"line":237,"column":9},"end":{"line":237,"column":24}},"loc":{"start":{"line":237,"column":24},"end":{"line":240,"column":3}}},"10":{"name":"(anonymous_10)","decl":{"start":{"line":245,"column":9},"end":{"line":245,"column":30}},"loc":{"start":{"line":245,"column":49},"end":{"line":251,"column":3}}},"11":{"name":"(anonymous_11)","decl":{"start":{"line":256,"column":9},"end":{"line":256,"column":27}},"loc":{"start":{"line":256,"column":64},"end":{"line":287,"column":3}}},"12":{"name":"(anonymous_12)","decl":{"start":{"line":292,"column":9},"end":{"line":292,"column":27}},"loc":{"start":{"line":292,"column":27},"end":{"line":294,"column":3}}},"13":{"name":"(anonymous_13)","decl":{"start":{"line":299,"column":9},"end":{"line":299,"column":22}},"loc":{"start":{"line":299,"column":22},"end":{"line":323,"column":3}}},"14":{"name":"(anonymous_14)","decl":{"start":{"line":302,"column":46},"end":{"line":302,"column":47}},"loc":{"start":{"line":302,"column":51},"end":{"line":302,"column":62}}},"15":{"name":"(anonymous_15)","decl":{"start":{"line":304,"column":46},"end":{"line":304,"column":47}},"loc":{"start":{"line":304,"column":51},"end":{"line":304,"column":69}}},"16":{"name":"(anonymous_16)","decl":{"start":{"line":306,"column":43},"end":{"line":306,"column":44}},"loc":{"start":{"line":306,"column":55},"end":{"line":306,"column":76}}},"17":{"name":"(anonymous_17)","decl":{"start":{"line":307,"column":44},"end":{"line":307,"column":45}},"loc":{"start":{"line":307,"column":56},"end":{"line":307,"column":78}}},"18":{"name":"(anonymous_18)","decl":{"start":{"line":318,"column":47},"end":{"line":318,"column":48}},"loc":{"start":{"line":318,"column":52},"end":{"line":318,"column":83}}},"19":{"name":"(anonymous_19)","decl":{"start":{"line":320,"column":16},"end":{"line":320,"column":17}},"loc":{"start":{"line":320,"column":21},"end":{"line":320,"column":52}}},"20":{"name":"(anonymous_20)","decl":{"start":{"line":321,"column":14},"end":{"line":321,"column":15}},"loc":{"start":{"line":321,"column":24},"end":{"line":321,"column":69}}},"21":{"name":"(anonymous_21)","decl":{"start":{"line":328,"column":9},"end":{"line":328,"column":24}},"loc":{"start":{"line":328,"column":35},"end":{"line":331,"column":3}}},"22":{"name":"(anonymous_22)","decl":{"start":{"line":336,"column":9},"end":{"line":336,"column":21}},"loc":{"start":{"line":336,"column":56},"end":{"line":345,"column":3}}},"23":{"name":"(anonymous_23)","decl":{"start":{"line":350,"column":9},"end":{"line":350,"column":24}},"loc":{"start":{"line":350,"column":24},"end":{"line":360,"column":3}}},"24":{"name":"(anonymous_24)","decl":{"start":{"line":365,"column":10},"end":{"line":365,"column":18}},"loc":{"start":{"line":365,"column":39},"end":{"line":372,"column":3}}},"25":{"name":"(anonymous_25)","decl":{"start":{"line":377,"column":10},"end":{"line":377,"column":33}},"loc":{"start":{"line":377,"column":33},"end":{"line":381,"column":3}}},"26":{"name":"(anonymous_26)","decl":{"start":{"line":380,"column":16},"end":{"line":380,"column":19}},"loc":{"start":{"line":380,"column":22},"end":{"line":380,"column":52}}},"27":{"name":"(anonymous_27)","decl":{"start":{"line":386,"column":10},"end":{"line":386,"column":33}},"loc":{"start":{"line":386,"column":33},"end":{"line":412,"column":3}}}},"branchMap":{"0":{"loc":{"start":{"line":62,"column":4},"end":{"line":64,"column":5}},"type":"if","locations":[{"start":{"line":62,"column":4},"end":{"line":64,"column":5}}]},"1":{"loc":{"start":{"line":68,"column":4},"end":{"line":70,"column":5}},"type":"if","locations":[{"start":{"line":68,"column":4},"end":{"line":70,"column":5}}]},"2":{"loc":{"start":{"line":77,"column":52},"end":{"line":77,"column":75}},"type":"default-arg","locations":[{"start":{"line":77,"column":71},"end":{"line":77,"column":75}}]},"3":{"loc":{"start":{"line":102,"column":4},"end":{"line":102,"column":26}},"type":"if","locations":[{"start":{"line":102,"column":4},"end":{"line":102,"column":26}}]},"4":{"loc":{"start":{"line":125,"column":4},"end":{"line":130,"column":5}},"type":"if","locations":[{"start":{"line":125,"column":4},"end":{"line":130,"column":5}}]},"5":{"loc":{"start":{"line":125,"column":8},"end":{"line":125,"column":65}},"type":"binary-expr","locations":[{"start":{"line":125,"column":8},"end":{"line":125,"column":30}},{"start":{"line":125,"column":34},"end":{"line":125,"column":65}}]},"6":{"loc":{"start":{"line":138,"column":4},"end":{"line":138,"column":32}},"type":"if","locations":[{"start":{"line":138,"column":4},"end":{"line":138,"column":32}}]},"7":{"loc":{"start":{"line":151,"column":15},"end":{"line":151,"column":59}},"type":"binary-expr","locations":[{"start":{"line":151,"column":15},"end":{"line":151,"column":20}},{"start":{"line":151,"column":24},"end":{"line":151,"column":59}}]},"8":{"loc":{"start":{"line":156,"column":4},"end":{"line":159,"column":5}},"type":"if","locations":[{"start":{"line":156,"column":4},"end":{"line":159,"column":5}}]},"9":{"loc":{"start":{"line":162,"column":4},"end":{"line":167,"column":5}},"type":"if","locations":[{"start":{"line":162,"column":4},"end":{"line":167,"column":5}}]},"10":{"loc":{"start":{"line":162,"column":8},"end":{"line":162,"column":77}},"type":"binary-expr","locations":[{"start":{"line":162,"column":8},"end":{"line":162,"column":42}},{"start":{"line":162,"column":46},"end":{"line":162,"column":77}}]},"11":{"loc":{"start":{"line":177,"column":4},"end":{"line":177,"column":26}},"type":"if","locations":[{"start":{"line":177,"column":4},"end":{"line":177,"column":26}}]},"12":{"loc":{"start":{"line":190,"column":4},"end":{"line":196,"column":5}},"type":"if","locations":[{"start":{"line":190,"column":4},"end":{"line":196,"column":5}}]},"13":{"loc":{"start":{"line":208,"column":8},"end":{"line":208,"column":46}},"type":"if","locations":[{"start":{"line":208,"column":8},"end":{"line":208,"column":46}}]},"14":{"loc":{"start":{"line":211,"column":8},"end":{"line":219,"column":9}},"type":"if","locations":[{"start":{"line":211,"column":8},"end":{"line":219,"column":9}}]},"15":{"loc":{"start":{"line":211,"column":12},"end":{"line":211,"column":68}},"type":"binary-expr","locations":[{"start":{"line":211,"column":12},"end":{"line":211,"column":42}},{"start":{"line":211,"column":46},"end":{"line":211,"column":68}}]},"16":{"loc":{"start":{"line":212,"column":10},"end":{"line":217,"column":11}},"type":"if","locations":[{"start":{"line":212,"column":10},"end":{"line":217,"column":11}}]},"17":{"loc":{"start":{"line":225,"column":8},"end":{"line":227,"column":9}},"type":"if","locations":[{"start":{"line":225,"column":8},"end":{"line":227,"column":9}}]},"18":{"loc":{"start":{"line":239,"column":11},"end":{"line":239,"column":53}},"type":"cond-expr","locations":[{"start":{"line":239,"column":34},"end":{"line":239,"column":46}},{"start":{"line":239,"column":49},"end":{"line":239,"column":53}}]},"19":{"loc":{"start":{"line":247,"column":4},"end":{"line":247,"column":32}},"type":"if","locations":[{"start":{"line":247,"column":4},"end":{"line":247,"column":32}}]},"20":{"loc":{"start":{"line":249,"column":11},"end":{"line":250,"column":41}},"type":"binary-expr","locations":[{"start":{"line":249,"column":11},"end":{"line":249,"column":77}},{"start":{"line":250,"column":11},"end":{"line":250,"column":41}}]},"21":{"loc":{"start":{"line":258,"column":4},"end":{"line":258,"column":26}},"type":"if","locations":[{"start":{"line":258,"column":4},"end":{"line":258,"column":26}}]},"22":{"loc":{"start":{"line":262,"column":4},"end":{"line":267,"column":5}},"type":"if","locations":[{"start":{"line":262,"column":4},"end":{"line":267,"column":5}}]},"23":{"loc":{"start":{"line":270,"column":12},"end":{"line":270,"column":62}},"type":"cond-expr","locations":[{"start":{"line":270,"column":22},"end":{"line":270,"column":40}},{"start":{"line":270,"column":43},"end":{"line":270,"column":62}}]},"24":{"loc":{"start":{"line":273,"column":44},"end":{"line":273,"column":76}},"type":"cond-expr","locations":[{"start":{"line":273,"column":54},"end":{"line":273,"column":63}},{"start":{"line":273,"column":66},"end":{"line":273,"column":76}}]},"25":{"loc":{"start":{"line":276,"column":9},"end":{"line":286,"column":6}},"type":"if","locations":[{"start":{"line":276,"column":9},"end":{"line":286,"column":6}}]},"26":{"loc":{"start":{"line":277,"column":23},"end":{"line":279,"column":50}},"type":"cond-expr","locations":[{"start":{"line":278,"column":11},"end":{"line":278,"column":48}},{"start":{"line":279,"column":11},"end":{"line":279,"column":50}}]},"27":{"loc":{"start":{"line":281,"column":7},"end":{"line":285,"column":8}},"type":"if","locations":[{"start":{"line":281,"column":7},"end":{"line":285,"column":8}},{"start":{"line":283,"column":14},"end":{"line":285,"column":8}}]},"28":{"loc":{"start":{"line":309,"column":24},"end":{"line":309,"column":82}},"type":"cond-expr","locations":[{"start":{"line":309,"column":46},"end":{"line":309,"column":78}},{"start":{"line":309,"column":81},"end":{"line":309,"column":82}}]},"29":{"loc":{"start":{"line":319,"column":20},"end":{"line":321,"column":84}},"type":"cond-expr","locations":[{"start":{"line":321,"column":73},"end":{"line":321,"column":75}},{"start":{"line":321,"column":73},"end":{"line":321,"column":84}}]},"30":{"loc":{"start":{"line":319,"column":20},"end":{"line":321,"column":75}},"type":"binary-expr","locations":[{"start":{"line":319,"column":20},"end":{"line":321,"column":75}},{"start":{"line":321,"column":73},"end":{"line":321,"column":75}}]},"31":{"loc":{"start":{"line":328,"column":25},"end":{"line":328,"column":35}},"type":"default-arg","locations":[{"start":{"line":328,"column":33},"end":{"line":328,"column":35}}]},"32":{"loc":{"start":{"line":340,"column":4},"end":{"line":344,"column":5}},"type":"if","locations":[{"start":{"line":340,"column":4},"end":{"line":344,"column":5}}]},"33":{"loc":{"start":{"line":341,"column":6},"end":{"line":343,"column":7}},"type":"if","locations":[{"start":{"line":341,"column":6},"end":{"line":343,"column":7}}]},"34":{"loc":{"start":{"line":357,"column":4},"end":{"line":359,"column":5}},"type":"if","locations":[{"start":{"line":357,"column":4},"end":{"line":359,"column":5}}]},"35":{"loc":{"start":{"line":357,"column":8},"end":{"line":357,"column":98}},"type":"binary-expr","locations":[{"start":{"line":357,"column":8},"end":{"line":357,"column":39}},{"start":{"line":357,"column":43},"end":{"line":357,"column":98}}]},"36":{"loc":{"start":{"line":369,"column":4},"end":{"line":371,"column":5}},"type":"if","locations":[{"start":{"line":369,"column":4},"end":{"line":371,"column":5}}]},"37":{"loc":{"start":{"line":379,"column":4},"end":{"line":379,"column":79}},"type":"if","locations":[{"start":{"line":379,"column":4},"end":{"line":379,"column":79}}]},"38":{"loc":{"start":{"line":379,"column":8},"end":{"line":379,"column":70}},"type":"binary-expr","locations":[{"start":{"line":379,"column":8},"end":{"line":379,"column":37}},{"start":{"line":379,"column":42},"end":{"line":379,"column":70}}]},"39":{"loc":{"start":{"line":390,"column":6},"end":{"line":410,"column":7}},"type":"if","locations":[{"start":{"line":390,"column":6},"end":{"line":410,"column":7}}]},"40":{"loc":{"start":{"line":390,"column":10},"end":{"line":390,"column":66}},"type":"binary-expr","locations":[{"start":{"line":390,"column":10},"end":{"line":390,"column":40}},{"start":{"line":390,"column":44},"end":{"line":390,"column":66}}]},"41":{"loc":{"start":{"line":391,"column":8},"end":{"line":409,"column":9}},"type":"if","locations":[{"start":{"line":391,"column":8},"end":{"line":409,"column":9}}]},"42":{"loc":{"start":{"line":403,"column":10},"end":{"line":408,"column":11}},"type":"if","locations":[{"start":{"line":403,"column":10},"end":{"line":408,"column":11}}]}},"s":{"0":1,"1":15,"2":15,"3":15,"4":15,"5":15,"6":15,"7":15,"8":15,"9":15,"10":24,"11":24,"12":6,"13":6,"14":0,"15":6,"16":6,"17":6,"18":6,"19":6,"20":6,"21":6,"22":6,"23":6,"24":1,"25":23,"26":23,"27":0,"28":23,"29":23,"30":23,"31":23,"32":23,"33":23,"34":5,"35":5,"36":18,"37":5,"38":18,"39":5,"40":5,"41":0,"42":5,"43":5,"44":5,"45":5,"46":5,"47":4,"48":4,"49":4,"50":10,"51":1,"52":9,"53":1,"54":0,"55":0,"56":0,"57":1,"58":8,"59":6,"60":3,"61":3,"62":1,"63":1,"64":0,"65":0,"66":0,"67":0,"68":1,"69":1,"70":0,"71":1,"72":1,"73":0,"74":0,"75":0,"76":1,"77":1,"78":1,"79":1,"80":0,"81":1,"82":9,"83":1,"84":1,"85":1,"86":1,"87":1,"88":1,"89":1,"90":1,"91":1,"92":1,"93":1,"94":1,"95":1,"96":1,"97":4,"98":4,"99":0,"100":1,"101":1,"102":1,"103":1,"104":0,"105":1,"106":1,"107":1,"108":1,"109":1,"110":1,"111":1,"112":60,"113":60,"114":0,"115":15,"116":0,"117":15,"118":0,"119":1,"120":1,"121":1,"122":1,"123":1,"124":1,"125":1,"126":1,"127":1,"128":1,"129":1,"130":1},"f":{"0":15,"1":15,"2":24,"3":6,"4":23,"5":5,"6":4,"7":10,"8":6,"9":1,"10":0,"11":1,"12":9,"13":1,"14":1,"15":1,"16":1,"17":1,"18":4,"19":4,"20":0,"21":1,"22":1,"23":1,"24":60,"25":15,"26":0,"27":1},"b":{"0":[15],"1":[15],"2":[23],"3":[0],"4":[1],"5":[6,1],"6":[0],"7":[23,22],"8":[5],"9":[5],"10":[18,6],"11":[0],"12":[4],"13":[1],"14":[1],"15":[9,1],"16":[0],"17":[3],"18":[1,0],"19":[0],"20":[0,0],"21":[0],"22":[0],"23":[0,1],"24":[0,1],"25":[1],"26":[0,1],"27":[0,1],"28":[1,0],"29":[1,0],"30":[1,1],"31":[1],"32":[1],"33":[0],"34":[1],"35":[1,1],"36":[0],"37":[0],"38":[15,15],"39":[1],"40":[1,1],"41":[1],"42":[1]}},"D:\\student-analyst\\src\\services\\NotificationManager.ts":{"path":"D:\\student-analyst\\src\\services\\NotificationManager.ts","statementMap":{"0":{"start":{"line":22,"column":4},"end":{"line":24,"column":5}},"1":{"start":{"line":23,"column":6},"end":{"line":23,"column":63}},"2":{"start":{"line":25,"column":4},"end":{"line":25,"column":40}},"3":{"start":{"line":36,"column":4},"end":{"line":36,"column":67}},"4":{"start":{"line":47,"column":4},"end":{"line":47,"column":65}},"5":{"start":{"line":58,"column":4},"end":{"line":58,"column":67}},"6":{"start":{"line":69,"column":4},"end":{"line":69,"column":64}},"7":{"start":{"line":82,"column":20},"end":{"line":82,"column":60}},"8":{"start":{"line":85,"column":18},"end":{"line":91,"column":6}},"9":{"start":{"line":94,"column":4},"end":{"line":94,"column":32}},"10":{"start":{"line":101,"column":4},"end":{"line":112,"column":5}},"11":{"start":{"line":103,"column":8},"end":{"line":103,"column":20}},"12":{"start":{"line":105,"column":8},"end":{"line":105,"column":20}},"13":{"start":{"line":107,"column":8},"end":{"line":107,"column":20}},"14":{"start":{"line":109,"column":8},"end":{"line":109,"column":20}},"15":{"start":{"line":111,"column":8},"end":{"line":111,"column":20}},"16":{"start":{"line":124,"column":4},"end":{"line":140,"column":5}},"17":{"start":{"line":125,"column":20},"end":{"line":127,"column":34}},"18":{"start":{"line":129,"column":22},"end":{"line":131,"column":49}},"19":{"start":{"line":133,"column":6},"end":{"line":133,"column":45}},"20":{"start":{"line":135,"column":6},"end":{"line":139,"column":8}},"21":{"start":{"line":151,"column":4},"end":{"line":155,"column":6}},"22":{"start":{"line":14,"column":0},"end":{"line":14,"column":13}},"23":{"start":{"line":160,"column":13},"end":{"line":160,"column":69}},"24":{"start":{"line":161,"column":0},"end":{"line":161,"column":35}}},"fnMap":{"0":{"name":"(anonymous_0)","decl":{"start":{"line":17,"column":2},"end":{"line":17,"column":null}},"loc":{"start":{"line":17,"column":2},"end":{"line":19,"column":3}}},"1":{"name":"(anonymous_1)","decl":{"start":{"line":21,"column":9},"end":{"line":21,"column":15}},"loc":{"start":{"line":21,"column":27},"end":{"line":26,"column":3}}},"2":{"name":"(anonymous_2)","decl":{"start":{"line":31,"column":9},"end":{"line":31,"column":20}},"loc":{"start":{"line":34,"column":21},"end":{"line":37,"column":3}}},"3":{"name":"(anonymous_3)","decl":{"start":{"line":42,"column":9},"end":{"line":42,"column":18}},"loc":{"start":{"line":45,"column":21},"end":{"line":48,"column":3}}},"4":{"name":"(anonymous_4)","decl":{"start":{"line":53,"column":9},"end":{"line":53,"column":20}},"loc":{"start":{"line":56,"column":21},"end":{"line":59,"column":3}}},"5":{"name":"(anonymous_5)","decl":{"start":{"line":64,"column":9},"end":{"line":64,"column":17}},"loc":{"start":{"line":67,"column":21},"end":{"line":70,"column":3}}},"6":{"name":"(anonymous_6)","decl":{"start":{"line":75,"column":10},"end":{"line":75,"column":30}},"loc":{"start":{"line":79,"column":21},"end":{"line":95,"column":3}}},"7":{"name":"(anonymous_7)","decl":{"start":{"line":100,"column":10},"end":{"line":100,"column":28}},"loc":{"start":{"line":100,"column":41},"end":{"line":113,"column":3}}},"8":{"name":"(anonymous_8)","decl":{"start":{"line":118,"column":9},"end":{"line":118,"column":35}},"loc":{"start":{"line":122,"column":24},"end":{"line":141,"column":3}}},"9":{"name":"(anonymous_9)","decl":{"start":{"line":146,"column":9},"end":{"line":146,"column":39}},"loc":{"start":{"line":149,"column":18},"end":{"line":156,"column":3}}}},"branchMap":{"0":{"loc":{"start":{"line":22,"column":4},"end":{"line":24,"column":5}},"type":"if","locations":[{"start":{"line":22,"column":4},"end":{"line":24,"column":5}}]},"1":{"loc":{"start":{"line":82,"column":20},"end":{"line":82,"column":60}},"type":"cond-expr","locations":[{"start":{"line":82,"column":30},"end":{"line":82,"column":52}},{"start":{"line":82,"column":55},"end":{"line":82,"column":60}}]},"2":{"loc":{"start":{"line":89,"column":18},"end":{"line":89,"column":59}},"type":"binary-expr","locations":[{"start":{"line":89,"column":18},"end":{"line":89,"column":26}},{"start":{"line":89,"column":30},"end":{"line":89,"column":59}}]},"3":{"loc":{"start":{"line":101,"column":4},"end":{"line":112,"column":5}},"type":"switch","locations":[{"start":{"line":102,"column":6},"end":{"line":103,"column":20}},{"start":{"line":104,"column":6},"end":{"line":105,"column":20}},{"start":{"line":106,"column":6},"end":{"line":107,"column":20}},{"start":{"line":108,"column":6},"end":{"line":109,"column":20}},{"start":{"line":110,"column":6},"end":{"line":111,"column":20}}]},"4":{"loc":{"start":{"line":122,"column":4},"end":{"line":122,"column":24}},"type":"default-arg","locations":[{"start":{"line":122,"column":19},"end":{"line":122,"column":24}}]},"5":{"loc":{"start":{"line":124,"column":4},"end":{"line":140,"column":5}},"type":"if","locations":[{"start":{"line":124,"column":4},"end":{"line":140,"column":5}},{"start":{"line":134,"column":11},"end":{"line":140,"column":5}}]},"6":{"loc":{"start":{"line":125,"column":20},"end":{"line":127,"column":34}},"type":"cond-expr","locations":[{"start":{"line":126,"column":10},"end":{"line":126,"column":43}},{"start":{"line":127,"column":10},"end":{"line":127,"column":34}}]},"7":{"loc":{"start":{"line":129,"column":22},"end":{"line":131,"column":49}},"type":"cond-expr","locations":[{"start":{"line":130,"column":10},"end":{"line":130,"column":71}},{"start":{"line":131,"column":10},"end":{"line":131,"column":49}}]}},"s":{"0":1,"1":1,"2":1,"3":0,"4":0,"5":0,"6":0,"7":0,"8":0,"9":0,"10":0,"11":0,"12":0,"13":0,"14":0,"15":0,"16":0,"17":0,"18":0,"19":0,"20":0,"21":0,"22":1,"23":1,"24":1},"f":{"0":1,"1":1,"2":0,"3":0,"4":0,"5":0,"6":0,"7":0,"8":0,"9":0},"b":{"0":[1],"1":[0,0],"2":[0,0],"3":[0,0,0,0,0],"4":[0],"5":[0,0],"6":[0,0],"7":[0,0]}}}}
