TN:
SF:src\services\AlgorithmOptimizationEngine.ts
FN:19,(anonymous_7)
FN:33,(anonymous_8)
FN:45,(anonymous_10)
FN:48,(anonymous_11)
FN:49,(anonymous_12)
FN:52,(anonymous_13)
FN:81,(anonymous_14)
FN:97,(anonymous_15)
FN:101,(anonymous_16)
FN:109,(anonymous_17)
FN:113,(anonymous_18)
FN:118,(anonymous_19)
FN:123,(anonymous_20)
FN:128,(anonymous_21)
FN:132,(anonymous_22)
FNF:15
FNH:15
FNDA:16,(anonymous_7)
FNDA:11,(anonymous_8)
FNDA:18,(anonymous_10)
FNDA:18,(anonymous_11)
FNDA:46,(anonymous_12)
FNDA:18,(anonymous_13)
FNDA:12,(anonymous_14)
FNDA:23,(anonymous_15)
FNDA:11,(anonymous_16)
FNDA:10,(anonymous_17)
FNDA:5,(anonymous_18)
FNDA:8,(anonymous_19)
FNDA:10,(anonymous_20)
FNDA:8,(anonymous_21)
FNDA:17,(anonymous_22)
DA:17,16
DA:20,16
DA:21,16
DA:22,16
DA:34,11
DA:36,11
DA:37,11
DA:38,1
DA:39,1
DA:42,10
DA:44,10
DA:45,18
DA:48,10
DA:49,46
DA:52,18
DA:55,10
DA:56,18
DA:57,28
DA:58,28
DA:59,28
DA:61,28
DA:62,66
DA:65,28
DA:66,28
DA:67,28
DA:71,10
DA:72,10
DA:73,10
DA:75,10
DA:82,12
DA:84,12
DA:85,4
DA:86,4
DA:89,8
DA:90,8
DA:91,8
DA:93,8
DA:98,23
DA:102,11
DA:103,11
DA:104,1
DA:106,10
DA:110,10
DA:114,5
DA:115,5
DA:119,8
DA:120,8
DA:124,10
DA:125,10
DA:129,8
DA:133,17
DA:134,17
DA:138,1
LF:53
LH:53
BRDA:37,0,0,1
BRDA:84,1,0,4
BRDA:103,2,0,1
BRDA:103,3,0,11
BRDA:103,3,1,2
BRF:5
BRH:5
end_of_record
TN:
SF:src\services\CacheAnalyticsEngine.ts
FN:20,(anonymous_0)
FN:25,(anonymous_1)
FN:30,(anonymous_2)
FN:34,(anonymous_3)
FN:47,(anonymous_4)
FNF:5
FNH:5
FNDA:24,(anonymous_0)
FNDA:137,(anonymous_1)
FNDA:34,(anonymous_2)
FNDA:27,(anonymous_3)
FNDA:25,(anonymous_4)
DA:20,1
DA:21,24
DA:22,24
DA:23,24
DA:26,137
DA:27,137
DA:31,34
DA:35,27
DA:36,27
DA:38,27
DA:48,25
DA:49,25
DA:50,25
DA:55,1
DA:56,1
LF:15
LH:15
BRDA:36,0,0,23
BRDA:36,0,1,4
BRF:2
BRH:2
end_of_record
TN:
SF:src\services\ErrorHandler.ts
FN:24,(anonymous_0)
FN:28,(anonymous_1)
FN:35,(anonymous_2)
FN:53,(anonymous_3)
FN:57,(anonymous_4)
FN:59,(anonymous_5)
FN:62,(anonymous_6)
FN:63,(anonymous_7)
FN:66,(anonymous_8)
FN:67,(anonymous_9)
FN:70,(anonymous_10)
FN:74,(anonymous_11)
FN:93,(anonymous_12)
FN:101,(anonymous_13)
FN:106,(anonymous_14)
FNF:15
FNH:15
FNDA:9,(anonymous_0)
FNDA:9,(anonymous_1)
FNDA:1117,(anonymous_2)
FNDA:4,(anonymous_3)
FNDA:2,(anonymous_4)
FNDA:8,(anonymous_5)
FNDA:4,(anonymous_6)
FNDA:16,(anonymous_7)
FNDA:2,(anonymous_8)
FNDA:8,(anonymous_9)
FNDA:1,(anonymous_10)
FNDA:1117,(anonymous_11)
FNDA:1117,(anonymous_12)
FNDA:1117,(anonymous_13)
FNDA:1117,(anonymous_14)
DA:1,1
DA:18,1
DA:21,9
DA:22,9
DA:25,9
DA:29,9
DA:30,9
DA:32,9
DA:36,1117
DA:44,1117
DA:45,1117
DA:46,100
DA:49,1117
DA:50,1117
DA:54,4
DA:58,2
DA:59,8
DA:63,16
DA:67,8
DA:71,1
DA:75,1117
DA:77,1117
DA:79,4
DA:80,4
DA:82,4
DA:83,4
DA:85,1105
DA:86,1105
DA:89,4
DA:94,1117
DA:95,1117
DA:102,1117
DA:103,1117
DA:107,1117
DA:108,1117
LF:35
LH:35
BRDA:29,0,0,9
BRDA:35,1,0,1102
BRDA:45,2,0,100
BRDA:57,3,0,0
BRDA:77,4,0,4
BRDA:77,4,1,4
BRDA:77,4,2,1105
BRDA:77,4,3,4
BRF:8
BRH:7
end_of_record
TN:
SF:src\services\FallbackManager.ts
FN:50,(anonymous_0)
FN:67,(anonymous_1)
FN:77,(anonymous_2)
FN:100,(anonymous_3)
FN:136,(anonymous_4)
FN:175,(anonymous_5)
FN:202,(anonymous_6)
FN:206,(anonymous_7)
FN:223,(anonymous_8)
FN:237,(anonymous_9)
FN:245,(anonymous_10)
FN:256,(anonymous_11)
FN:292,(anonymous_12)
FN:299,(anonymous_13)
FN:302,(anonymous_14)
FN:304,(anonymous_15)
FN:306,(anonymous_16)
FN:307,(anonymous_17)
FN:318,(anonymous_18)
FN:320,(anonymous_19)
FN:321,(anonymous_20)
FN:328,(anonymous_21)
FN:336,(anonymous_22)
FN:350,(anonymous_23)
FN:365,(anonymous_24)
FN:377,(anonymous_25)
FN:380,(anonymous_26)
FN:386,(anonymous_27)
FNF:28
FNH:25
FNDA:17,(anonymous_0)
FNDA:20,(anonymous_1)
FNDA:30,(anonymous_2)
FNDA:27,(anonymous_3)
FNDA:44,(anonymous_4)
FNDA:21,(anonymous_5)
FNDA:7,(anonymous_6)
FNDA:18,(anonymous_7)
FNDA:10,(anonymous_8)
FNDA:2,(anonymous_9)
FNDA:0,(anonymous_10)
FNDA:1,(anonymous_11)
FNDA:9,(anonymous_12)
FNDA:1,(anonymous_13)
FNDA:1,(anonymous_14)
FNDA:1,(anonymous_15)
FNDA:1,(anonymous_16)
FNDA:1,(anonymous_17)
FNDA:4,(anonymous_18)
FNDA:4,(anonymous_19)
FNDA:0,(anonymous_20)
FNDA:1,(anonymous_21)
FNDA:1,(anonymous_22)
FNDA:1,(anonymous_23)
FNDA:124,(anonymous_24)
FNDA:17,(anonymous_25)
FNDA:0,(anonymous_26)
FNDA:1,(anonymous_27)
DA:6,3
DA:42,3
DA:45,17
DA:47,17
DA:51,17
DA:59,17
DA:62,17
DA:63,17
DA:68,20
DA:69,17
DA:71,20
DA:78,30
DA:89,30
DA:101,27
DA:102,27
DA:104,27
DA:107,27
DA:108,27
DA:109,27
DA:110,27
DA:111,27
DA:114,27
DA:116,27
DA:125,27
DA:126,1
DA:137,44
DA:138,44
DA:140,44
DA:141,44
DA:142,44
DA:145,44
DA:147,44
DA:156,44
DA:157,21
DA:158,21
DA:162,23
DA:163,7
DA:169,23
DA:176,21
DA:177,21
DA:179,21
DA:180,21
DA:181,21
DA:183,21
DA:190,21
DA:191,20
DA:203,7
DA:205,7
DA:208,18
DA:211,17
DA:212,4
DA:214,0
DA:215,0
DA:216,0
DA:218,4
DA:221,13
DA:225,10
DA:226,6
DA:230,4
DA:238,2
DA:239,2
DA:246,0
DA:247,0
DA:249,0
DA:257,1
DA:258,1
DA:260,1
DA:262,1
DA:264,0
DA:265,0
DA:266,0
DA:269,1
DA:276,1
DA:277,1
DA:281,1
DA:282,0
DA:284,1
DA:293,9
DA:300,1
DA:301,1
DA:302,1
DA:303,1
DA:304,1
DA:306,1
DA:307,1
DA:308,1
DA:309,1
DA:311,1
DA:318,4
DA:320,4
DA:321,0
DA:330,1
DA:337,1
DA:340,1
DA:341,1
DA:342,0
DA:351,1
DA:352,1
DA:353,1
DA:354,1
DA:355,1
DA:357,1
DA:358,1
DA:366,124
DA:369,124
DA:370,0
DA:379,17
DA:380,17
DA:387,1
DA:389,1
DA:390,1
DA:391,1
DA:393,1
DA:394,1
DA:396,1
DA:403,1
DA:404,1
DA:416,3
DA:417,3
LF:119
LH:106
BRDA:62,0,0,17
BRDA:68,1,0,17
BRDA:77,2,0,29
BRDA:102,3,0,0
BRDA:125,4,0,1
BRDA:125,5,0,27
BRDA:125,5,1,1
BRDA:138,6,0,0
BRDA:151,7,0,44
BRDA:151,7,1,22
BRDA:156,8,0,21
BRDA:162,9,0,7
BRDA:162,10,0,23
BRDA:162,10,1,8
BRDA:177,11,0,0
BRDA:190,12,0,20
BRDA:208,13,0,1
BRDA:211,14,0,4
BRDA:211,15,0,17
BRDA:211,15,1,4
BRDA:212,16,0,0
BRDA:225,17,0,6
BRDA:239,18,0,2
BRDA:239,18,1,0
BRDA:247,19,0,0
BRDA:249,20,0,0
BRDA:249,20,1,0
BRDA:258,21,0,0
BRDA:262,22,0,0
BRDA:270,23,0,0
BRDA:270,23,1,1
BRDA:273,24,0,0
BRDA:273,24,1,1
BRDA:276,25,0,1
BRDA:277,26,0,0
BRDA:277,26,1,1
BRDA:281,27,0,0
BRDA:281,27,1,1
BRDA:309,28,0,1
BRDA:309,28,1,0
BRDA:319,29,0,1
BRDA:319,29,1,0
BRDA:319,30,0,1
BRDA:319,30,1,1
BRDA:328,31,0,1
BRDA:340,32,0,1
BRDA:341,33,0,0
BRDA:357,34,0,1
BRDA:357,35,0,1
BRDA:357,35,1,1
BRDA:369,36,0,0
BRDA:379,37,0,0
BRDA:379,38,0,17
BRDA:379,38,1,17
BRDA:390,39,0,1
BRDA:390,40,0,1
BRDA:390,40,1,1
BRDA:391,41,0,1
BRDA:403,42,0,1
BRF:59
BRH:40
end_of_record
TN:
SF:src\services\FinancialCalculator.ts
FN:25,(anonymous_0)
FN:29,(anonymous_1)
FN:36,(anonymous_2)
FN:40,(anonymous_3)
FN:44,(anonymous_4)
FN:45,(anonymous_5)
FN:60,(anonymous_6)
FN:64,(anonymous_7)
FN:68,(anonymous_8)
FN:69,(anonymous_9)
FN:71,(anonymous_10)
FN:72,(anonymous_11)
FN:92,(anonymous_12)
FN:96,(anonymous_13)
FN:100,(anonymous_14)
FN:103,(anonymous_15)
FN:122,(anonymous_16)
FN:123,(anonymous_17)
FN:126,(anonymous_18)
FN:136,(anonymous_19)
FN:141,(anonymous_20)
FN:146,(anonymous_21)
FN:147,(anonymous_22)
FN:154,(anonymous_23)
FN:155,(anonymous_24)
FNF:25
FNH:25
FNDA:13,(anonymous_0)
FNDA:19,(anonymous_1)
FNDA:511,(anonymous_2)
FNDA:216331,(anonymous_3)
FNDA:216280,(anonymous_4)
FNDA:8195,(anonymous_5)
FNDA:1008,(anonymous_6)
FNDA:30091,(anonymous_7)
FNDA:30090,(anonymous_8)
FNDA:29086,(anonymous_9)
FNDA:29086,(anonymous_10)
FNDA:29086,(anonymous_11)
FNDA:7,(anonymous_12)
FNDA:91,(anonymous_13)
FNDA:90,(anonymous_14)
FNDA:60,(anonymous_15)
FNDA:6403,(anonymous_16)
FNDA:764624,(anonymous_17)
FNDA:1464,(anonymous_18)
FNDA:1464,(anonymous_19)
FNDA:246460,(anonymous_20)
FNDA:246460,(anonymous_21)
FNDA:244996,(anonymous_22)
FNDA:1464,(anonymous_23)
FNDA:244996,(anonymous_24)
DA:1,3
DA:21,3
DA:26,13
DA:30,19
DA:31,13
DA:33,19
DA:37,511
DA:38,3
DA:40,216331
DA:41,51
DA:44,216280
DA:45,8195
DA:46,457
DA:48,457
DA:61,1008
DA:62,3
DA:64,30091
DA:65,1
DA:68,30090
DA:69,29086
DA:71,29086
DA:72,29086
DA:74,1004
DA:75,1004
DA:77,1004
DA:78,1004
DA:80,1004
DA:93,7
DA:94,3
DA:96,91
DA:97,1
DA:100,90
DA:101,3
DA:103,60
DA:104,3
DA:105,3
DA:107,3
DA:108,3
DA:110,3
DA:123,764624
DA:130,1464
DA:131,1464
DA:133,1464
DA:141,246460
DA:142,1464
DA:143,1464
DA:144,1464
DA:146,246460
DA:147,244996
DA:148,1464
DA:149,1464
DA:150,1464
DA:151,1464
DA:155,244996
DA:156,1464
LF:55
LH:55
BRDA:30,0,0,13
BRDA:37,1,0,3
BRDA:37,2,0,511
BRDA:37,2,1,511
BRDA:37,2,2,510
BRDA:37,2,3,508
BRDA:40,3,0,51
BRDA:40,4,0,216331
BRDA:40,4,1,216331
BRDA:40,4,2,216280
BRDA:60,5,0,2
BRDA:61,6,0,3
BRDA:61,7,0,1008
BRDA:61,7,1,1008
BRDA:61,7,2,1007
BRDA:61,7,3,1005
BRDA:64,8,0,1
BRDA:64,9,0,30091
BRDA:64,9,1,30091
BRDA:64,9,2,30090
BRDA:71,10,0,14508
BRDA:71,10,1,14578
BRDA:72,11,0,14578
BRDA:72,11,1,14508
BRDA:92,12,0,2
BRDA:92,13,0,3
BRDA:93,14,0,3
BRDA:93,15,0,7
BRDA:93,15,1,7
BRDA:93,15,2,6
BRDA:93,15,3,6
BRDA:93,15,4,6
BRDA:93,15,5,4
BRDA:96,16,0,1
BRDA:96,17,0,91
BRDA:96,17,1,91
BRDA:96,17,2,90
BRF:37
BRH:37
end_of_record
TN:
SF:src\services\IndexedDBCacheL3.ts
FN:25,(anonymous_7)
FN:31,(anonymous_8)
FN:47,(anonymous_10)
FN:48,(anonymous_12)
FN:49,(anonymous_13)
FN:49,(anonymous_14)
FN:61,(anonymous_15)
FN:73,(anonymous_16)
FN:98,(anonymous_17)
FN:102,(anonymous_18)
FN:103,(anonymous_19)
FN:111,(anonymous_20)
FN:112,(anonymous_22)
FN:113,(anonymous_23)
FN:119,(anonymous_24)
FN:127,(anonymous_25)
FN:134,(anonymous_26)
FN:146,(anonymous_27)
FN:147,(anonymous_29)
FN:148,(anonymous_30)
FN:166,(anonymous_31)
FN:173,(anonymous_32)
FN:193,(anonymous_33)
FN:203,(anonymous_34)
FN:208,(anonymous_35)
FN:212,(anonymous_36)
FN:216,(anonymous_37)
FN:220,(anonymous_38)
FN:230,(anonymous_39)
FN:235,(anonymous_41)
FN:241,(anonymous_43)
FN:254,(anonymous_45)
FN:259,(anonymous_47)
FN:260,(anonymous_48)
FN:272,(anonymous_49)
FN:277,(anonymous_50)
FN:294,(anonymous_51)
FN:304,(anonymous_52)
FN:305,(anonymous_54)
FN:305,(anonymous_55)
FN:312,(anonymous_56)
FN:313,(anonymous_57)
FN:321,(anonymous_58)
FN:334,(anonymous_59)
FN:357,(anonymous_60)
FN:376,(anonymous_61)
FN:377,(anonymous_63)
FN:377,(anonymous_64)
FN:391,(anonymous_65)
FN:392,(anonymous_66)
FN:408,(anonymous_67)
FN:422,(anonymous_68)
FN:439,(anonymous_69)
FN:440,(anonymous_71)
FN:440,(anonymous_72)
FN:447,(anonymous_73)
FN:448,(anonymous_74)
FN:456,(anonymous_75)
FN:465,(anonymous_76)
FN:479,(anonymous_77)
FN:488,(anonymous_78)
FN:505,(anonymous_79)
FN:506,(anonymous_81)
FN:506,(anonymous_82)
FN:512,(anonymous_83)
FN:513,(anonymous_84)
FN:521,(anonymous_85)
FN:528,(anonymous_86)
FN:545,(anonymous_87)
FN:546,(anonymous_89)
FN:546,(anonymous_90)
FN:552,(anonymous_91)
FN:553,(anonymous_92)
FN:561,(anonymous_93)
FN:571,(anonymous_94)
FN:578,(anonymous_95)
FN:595,(anonymous_96)
FN:599,(anonymous_98)
FN:603,(anonymous_99)
FN:610,(anonymous_100)
FN:611,(anonymous_102)
FN:611,(anonymous_103)
FN:615,(anonymous_104)
FN:619,(anonymous_105)
FN:622,(anonymous_106)
FN:629,(anonymous_107)
FN:630,(anonymous_109)
FN:630,(anonymous_110)
FN:634,(anonymous_111)
FN:638,(anonymous_112)
FN:641,(anonymous_113)
FNF:91
FNH:42
FNDA:23,(anonymous_7)
FNDA:1057,(anonymous_8)
FNDA:1057,(anonymous_10)
FNDA:1057,(anonymous_12)
FNDA:696,(anonymous_13)
FNDA:696,(anonymous_14)
FNDA:23,(anonymous_15)
FNDA:33,(anonymous_16)
FNDA:23,(anonymous_17)
FNDA:77,(anonymous_18)
FNDA:69,(anonymous_19)
FNDA:120,(anonymous_20)
FNDA:120,(anonymous_22)
FNDA:110,(anonymous_23)
FNDA:0,(anonymous_24)
FNDA:1,(anonymous_25)
FNDA:120,(anonymous_26)
FNDA:0,(anonymous_27)
FNDA:0,(anonymous_29)
FNDA:0,(anonymous_30)
FNDA:0,(anonymous_31)
FNDA:0,(anonymous_32)
FNDA:0,(anonymous_33)
FNDA:663,(anonymous_34)
FNDA:12,(anonymous_35)
FNDA:651,(anonymous_36)
FNDA:0,(anonymous_37)
FNDA:652,(anonymous_38)
FNDA:652,(anonymous_39)
FNDA:0,(anonymous_41)
FNDA:120,(anonymous_43)
FNDA:78,(anonymous_45)
FNDA:1,(anonymous_47)
FNDA:1,(anonymous_48)
FNDA:1,(anonymous_49)
FNDA:1,(anonymous_50)
FNDA:0,(anonymous_51)
FNDA:12,(anonymous_52)
FNDA:12,(anonymous_54)
FNDA:12,(anonymous_55)
FNDA:12,(anonymous_56)
FNDA:0,(anonymous_57)
FNDA:12,(anonymous_58)
FNDA:0,(anonymous_59)
FNDA:0,(anonymous_60)
FNDA:1013,(anonymous_61)
FNDA:652,(anonymous_63)
FNDA:652,(anonymous_64)
FNDA:652,(anonymous_65)
FNDA:0,(anonymous_66)
FNDA:651,(anonymous_67)
FNDA:0,(anonymous_68)
FNDA:0,(anonymous_69)
FNDA:0,(anonymous_71)
FNDA:0,(anonymous_72)
FNDA:0,(anonymous_73)
FNDA:0,(anonymous_74)
FNDA:0,(anonymous_75)
FNDA:0,(anonymous_76)
FNDA:0,(anonymous_77)
FNDA:0,(anonymous_78)
FNDA:32,(anonymous_79)
FNDA:32,(anonymous_81)
FNDA:32,(anonymous_82)
FNDA:10,(anonymous_83)
FNDA:0,(anonymous_84)
FNDA:10,(anonymous_85)
FNDA:0,(anonymous_86)
FNDA:0,(anonymous_87)
FNDA:0,(anonymous_89)
FNDA:0,(anonymous_90)
FNDA:0,(anonymous_91)
FNDA:0,(anonymous_92)
FNDA:0,(anonymous_93)
FNDA:0,(anonymous_94)
FNDA:0,(anonymous_95)
FNDA:0,(anonymous_96)
FNDA:0,(anonymous_98)
FNDA:0,(anonymous_99)
FNDA:0,(anonymous_100)
FNDA:0,(anonymous_102)
FNDA:0,(anonymous_103)
FNDA:0,(anonymous_104)
FNDA:0,(anonymous_105)
FNDA:0,(anonymous_106)
FNDA:0,(anonymous_107)
FNDA:0,(anonymous_109)
FNDA:0,(anonymous_110)
FNDA:0,(anonymous_111)
FNDA:0,(anonymous_112)
FNDA:0,(anonymous_113)
DA:12,2
DA:13,23
DA:14,23
DA:15,23
DA:16,23
DA:17,23
DA:18,23
DA:21,23
DA:22,23
DA:23,23
DA:26,23
DA:27,23
DA:28,23
DA:32,1057
DA:34,40
DA:35,40
DA:36,40
DA:37,696
DA:38,696
DA:39,696
DA:43,38
DA:48,1057
DA:49,1057
DA:50,696
DA:51,696
DA:52,673
DA:54,21
DA:57,1057
DA:62,23
DA:74,33
DA:99,23
DA:100,0
DA:102,23
DA:103,77
DA:104,69
DA:105,69
DA:106,69
DA:112,120
DA:113,120
DA:114,110
DA:117,120
DA:119,120
DA:120,0
DA:121,0
DA:122,0
DA:123,0
DA:124,0
DA:127,120
DA:128,1
DA:129,1
DA:130,1
DA:131,1
DA:134,120
DA:135,120
DA:136,120
DA:137,119
DA:138,119
DA:139,0
DA:140,0
DA:147,0
DA:148,0
DA:149,0
DA:152,0
DA:153,0
DA:154,0
DA:155,0
DA:158,0
DA:159,0
DA:160,0
DA:161,0
DA:163,0
DA:164,0
DA:166,0
DA:167,0
DA:168,0
DA:169,0
DA:171,0
DA:172,0
DA:173,0
DA:174,0
DA:175,0
DA:176,0
DA:177,0
DA:178,0
DA:181,0
DA:182,0
DA:185,0
DA:186,0
DA:187,0
DA:189,0
DA:193,0
DA:194,0
DA:195,0
DA:196,0
DA:197,0
DA:198,0
DA:204,663
DA:205,663
DA:209,12
DA:213,651
DA:217,0
DA:221,652
DA:222,652
DA:223,652
DA:225,0
DA:226,0
DA:231,652
DA:236,0
DA:237,0
DA:242,120
DA:243,120
DA:244,1
DA:245,0
DA:247,111
DA:248,111
DA:249,111
DA:250,111
DA:255,78
DA:256,77
DA:259,1
DA:260,1
DA:261,1
DA:264,1
DA:265,1
DA:266,1
DA:267,1
DA:269,1
DA:270,1
DA:272,1
DA:273,1
DA:274,1
DA:275,1
DA:276,1
DA:277,1
DA:278,1
DA:279,1
DA:280,0
DA:281,0
DA:282,0
DA:285,0
DA:286,0
DA:287,0
DA:289,0
DA:290,0
DA:294,1
DA:295,0
DA:296,0
DA:297,0
DA:298,0
DA:299,0
DA:305,12
DA:306,12
DA:307,12
DA:308,12
DA:309,0
DA:312,12
DA:313,12
DA:314,0
DA:317,12
DA:318,12
DA:319,12
DA:321,12
DA:322,12
DA:323,12
DA:325,12
DA:326,0
DA:327,0
DA:328,0
DA:329,0
DA:330,0
DA:333,12
DA:334,0
DA:335,0
DA:336,0
DA:337,0
DA:338,0
DA:340,0
DA:343,12
DA:344,12
DA:346,12
DA:347,12
DA:348,12
DA:350,12
DA:351,12
DA:352,12
DA:354,12
DA:357,12
DA:358,0
DA:359,0
DA:360,0
DA:361,0
DA:362,0
DA:363,0
DA:367,0
DA:368,0
DA:369,0
DA:370,0
DA:371,0
DA:377,1013
DA:378,652
DA:379,652
DA:380,652
DA:381,0
DA:384,652
DA:385,652
DA:387,652
DA:388,0
DA:391,652
DA:392,652
DA:393,0
DA:396,652
DA:397,652
DA:398,652
DA:406,652
DA:408,652
DA:409,651
DA:410,651
DA:411,651
DA:412,651
DA:413,651
DA:415,651
DA:416,651
DA:417,651
DA:419,651
DA:422,652
DA:423,0
DA:424,0
DA:425,0
DA:426,0
DA:427,0
DA:431,0
DA:432,0
DA:433,0
DA:434,0
DA:440,0
DA:441,0
DA:442,0
DA:443,0
DA:444,0
DA:447,0
DA:448,0
DA:449,0
DA:452,0
DA:453,0
DA:454,0
DA:456,0
DA:457,0
DA:458,0
DA:459,0
DA:460,0
DA:461,0
DA:464,0
DA:465,0
DA:466,0
DA:467,0
DA:468,0
DA:469,0
DA:470,0
DA:472,0
DA:473,0
DA:474,0
DA:476,0
DA:479,0
DA:480,0
DA:481,0
DA:482,0
DA:483,0
DA:484,0
DA:488,0
DA:489,0
DA:490,0
DA:491,0
DA:492,0
DA:493,0
DA:497,0
DA:498,0
DA:499,0
DA:500,0
DA:506,32
DA:507,32
DA:508,32
DA:509,22
DA:512,10
DA:513,10
DA:514,0
DA:517,10
DA:518,10
DA:519,10
DA:521,10
DA:522,10
DA:523,10
DA:524,10
DA:525,10
DA:528,10
DA:529,0
DA:530,0
DA:531,0
DA:532,0
DA:533,0
DA:537,21
DA:538,21
DA:539,21
DA:540,21
DA:546,0
DA:547,0
DA:548,0
DA:549,0
DA:552,0
DA:553,0
DA:554,0
DA:557,0
DA:558,0
DA:559,0
DA:561,0
DA:562,0
DA:563,0
DA:565,0
DA:566,0
DA:567,0
DA:570,0
DA:571,0
DA:572,0
DA:575,0
DA:578,0
DA:579,0
DA:580,0
DA:581,0
DA:582,0
DA:583,0
DA:587,0
DA:588,0
DA:589,0
DA:590,0
DA:596,0
DA:600,0
DA:604,0
DA:605,0
DA:606,0
DA:611,0
DA:612,0
DA:613,0
DA:615,0
DA:616,0
DA:617,0
DA:618,0
DA:619,0
DA:620,0
DA:622,0
DA:623,0
DA:630,0
DA:631,0
DA:632,0
DA:634,0
DA:635,0
DA:636,0
DA:637,0
DA:638,0
DA:639,0
DA:641,0
DA:642,0
DA:649,2
LF:361
LH:154
BRDA:32,0,0,1017
BRDA:32,1,0,1057
BRDA:32,1,1,40
BRDA:38,2,0,696
BRDA:99,3,0,0
BRDA:121,4,0,0
BRDA:121,4,1,0
BRDA:121,5,0,0
BRDA:121,5,1,0
BRDA:136,6,0,119
BRDA:152,7,0,0
BRDA:168,8,0,0
BRDA:168,8,1,0
BRDA:169,9,0,0
BRDA:169,9,1,0
BRDA:169,10,0,0
BRDA:169,10,1,0
BRDA:186,11,0,0
BRDA:205,12,0,12
BRDA:205,12,1,651
BRDA:231,13,0,652
BRDA:231,13,1,652
BRDA:236,14,0,0
BRDA:249,15,0,111
BRDA:249,15,1,0
BRDA:255,16,0,77
BRDA:274,17,0,1
BRDA:274,17,1,0
BRDA:286,18,0,0
BRDA:308,19,0,0
BRDA:325,20,0,0
BRDA:333,21,0,0
BRDA:369,22,0,0
BRDA:369,22,1,0
BRDA:380,23,0,0
BRDA:385,24,0,652
BRDA:385,24,1,652
BRDA:387,25,0,0
BRDA:433,26,0,0
BRDA:433,26,1,0
BRDA:443,27,0,0
BRDA:458,28,0,0
BRDA:499,29,0,0
BRDA:499,29,1,0
BRDA:508,30,0,22
BRDA:539,31,0,21
BRDA:539,31,1,0
BRDA:548,32,0,0
BRDA:565,33,0,0
BRDA:570,34,0,0
BRDA:589,35,0,0
BRDA:589,35,1,0
BRDA:605,36,0,0
BRDA:612,37,0,0
BRDA:631,38,0,0
BRF:55
BRH:16
end_of_record
TN:
SF:src\services\LocalStorageCacheL2.ts
FN:26,(anonymous_7)
FN:32,(anonymous_8)
FN:48,(anonymous_10)
FN:49,(anonymous_12)
FN:50,(anonymous_13)
FN:50,(anonymous_14)
FN:62,(anonymous_15)
FN:74,(anonymous_16)
FN:99,(anonymous_17)
FN:103,(anonymous_18)
FN:104,(anonymous_19)
FN:112,(anonymous_20)
FN:117,(anonymous_21)
FN:121,(anonymous_22)
FN:125,(anonymous_23)
FN:129,(anonymous_24)
FN:139,(anonymous_25)
FN:144,(anonymous_27)
FN:150,(anonymous_29)
FN:152,(anonymous_31)
FN:153,(anonymous_32)
FN:166,(anonymous_33)
FN:167,(anonymous_34)
FN:190,(anonymous_35)
FN:203,(anonymous_37)
FN:205,(anonymous_39)
FN:206,(anonymous_40)
FN:219,(anonymous_41)
FN:242,(anonymous_42)
FN:285,(anonymous_43)
FN:294,(anonymous_44)
FN:329,(anonymous_45)
FN:360,(anonymous_46)
FN:363,(anonymous_47)
FN:364,(anonymous_48)
FN:375,(anonymous_49)
FN:399,(anonymous_50)
FN:403,(anonymous_51)
FN:407,(anonymous_52)
FNF:39
FNH:24
FNDA:25,(anonymous_7)
FNDA:0,(anonymous_8)
FNDA:0,(anonymous_10)
FNDA:0,(anonymous_12)
FNDA:0,(anonymous_13)
FNDA:0,(anonymous_14)
FNDA:25,(anonymous_15)
FNDA:57,(anonymous_16)
FNDA:28,(anonymous_17)
FNDA:0,(anonymous_18)
FNDA:0,(anonymous_19)
FNDA:2365,(anonymous_20)
FNDA:121,(anonymous_21)
FNDA:2238,(anonymous_22)
FNDA:1,(anonymous_23)
FNDA:2244,(anonymous_24)
FNDA:5,(anonymous_25)
FNDA:5,(anonymous_27)
FNDA:5,(anonymous_29)
FNDA:28,(anonymous_31)
FNDA:0,(anonymous_32)
FNDA:0,(anonymous_33)
FNDA:0,(anonymous_34)
FNDA:0,(anonymous_35)
FNDA:2,(anonymous_37)
FNDA:12,(anonymous_39)
FNDA:0,(anonymous_40)
FNDA:0,(anonymous_41)
FNDA:124,(anonymous_42)
FNDA:2243,(anonymous_43)
FNDA:0,(anonymous_44)
FNDA:1,(anonymous_45)
FNDA:32,(anonymous_46)
FNDA:168,(anonymous_47)
FNDA:0,(anonymous_48)
FNDA:12,(anonymous_49)
FNDA:8,(anonymous_50)
FNDA:5,(anonymous_51)
FNDA:5,(anonymous_52)
DA:16,4
DA:17,25
DA:18,25
DA:19,25
DA:22,25
DA:23,25
DA:24,25
DA:27,25
DA:28,25
DA:29,25
DA:33,0
DA:35,0
DA:36,0
DA:37,0
DA:38,0
DA:39,0
DA:40,0
DA:44,0
DA:49,0
DA:50,0
DA:51,0
DA:52,0
DA:53,0
DA:55,0
DA:58,0
DA:63,25
DA:75,57
DA:100,28
DA:101,3
DA:103,28
DA:104,0
DA:105,0
DA:106,0
DA:107,0
DA:113,2365
DA:114,2365
DA:118,121
DA:122,2238
DA:126,1
DA:130,2244
DA:131,2244
DA:132,2240
DA:134,4
DA:135,4
DA:140,5
DA:145,5
DA:146,5
DA:151,5
DA:152,28
DA:154,0
DA:155,0
DA:156,0
DA:163,0
DA:166,0
DA:167,0
DA:169,5
DA:170,5
DA:172,5
DA:173,0
DA:175,0
DA:176,0
DA:177,0
DA:178,0
DA:179,0
DA:181,0
DA:185,5
DA:186,0
DA:191,0
DA:192,0
DA:193,0
DA:194,0
DA:196,0
DA:197,0
DA:198,0
DA:199,0
DA:204,2
DA:205,12
DA:207,0
DA:208,0
DA:209,0
DA:216,0
DA:219,0
DA:221,2
DA:222,2
DA:224,2
DA:225,0
DA:226,0
DA:227,0
DA:228,0
DA:229,0
DA:230,0
DA:234,2
DA:235,0
DA:238,2
DA:239,2
DA:243,124
DA:244,124
DA:245,124
DA:246,124
DA:248,124
DA:249,1
DA:250,1
DA:251,1
DA:252,1
DA:255,123
DA:256,123
DA:257,1
DA:258,1
DA:259,1
DA:260,1
DA:261,1
DA:264,122
DA:265,122
DA:267,121
DA:268,121
DA:269,121
DA:271,121
DA:272,121
DA:273,121
DA:275,121
DA:277,1
DA:278,1
DA:279,1
DA:280,1
DA:281,1
DA:286,2243
DA:287,2243
DA:288,2243
DA:289,2243
DA:290,2243
DA:292,2243
DA:294,5
DA:295,0
DA:296,0
DA:297,0
DA:301,2243
DA:309,2243
DA:311,2238
DA:312,2238
DA:313,2238
DA:314,2238
DA:316,2238
DA:317,2238
DA:318,2238
DA:320,2238
DA:322,5
DA:323,5
DA:324,5
DA:325,5
DA:330,1
DA:331,1
DA:332,1
DA:333,1
DA:335,1
DA:336,0
DA:339,1
DA:340,1
DA:342,1
DA:343,1
DA:344,1
DA:345,1
DA:347,1
DA:348,1
DA:349,1
DA:351,1
DA:353,0
DA:354,0
DA:355,0
DA:356,0
DA:361,32
DA:362,32
DA:363,168
DA:364,0
DA:366,32
DA:367,32
DA:369,0
DA:370,0
DA:371,0
DA:376,12
DA:377,12
DA:378,12
DA:380,12
DA:381,1
DA:384,11
DA:385,11
DA:386,0
DA:387,0
DA:390,11
DA:392,0
DA:393,0
DA:394,0
DA:395,0
DA:400,8
DA:404,5
DA:408,5
DA:409,5
DA:410,3
DA:415,4
LF:198
LH:127
BRDA:33,0,0,0
BRDA:33,1,0,0
BRDA:33,1,1,0
BRDA:39,2,0,0
BRDA:100,3,0,3
BRDA:114,4,0,125
BRDA:114,4,1,2240
BRDA:140,5,0,5
BRDA:140,5,1,2
BRDA:145,6,0,5
BRDA:173,7,0,0
BRDA:173,7,1,0
BRDA:173,8,0,0
BRDA:173,8,1,0
BRDA:185,9,0,0
BRDA:198,10,0,0
BRDA:198,10,1,0
BRDA:225,11,0,0
BRDA:234,12,0,0
BRDA:248,13,0,1
BRDA:256,14,0,1
BRDA:279,15,0,1
BRDA:279,15,1,0
BRDA:290,16,0,2243
BRDA:290,16,1,2240
BRDA:292,17,0,5
BRDA:292,18,0,2243
BRDA:292,18,1,2240
BRDA:324,19,0,5
BRDA:324,19,1,0
BRDA:335,20,0,0
BRDA:355,21,0,0
BRDA:355,21,1,0
BRDA:371,22,0,0
BRDA:371,22,1,0
BRDA:380,23,0,1
BRDA:385,24,0,0
BRDA:394,25,0,0
BRDA:394,25,1,0
BRDA:409,26,0,3
BRF:40
BRH:17
end_of_record
TN:
SF:src\services\MemoryCacheL1.ts
FN:38,(anonymous_7)
FN:45,(anonymous_8)
FN:57,(anonymous_9)
FN:87,(anonymous_10)
FN:91,(anonymous_11)
FN:92,(anonymous_12)
FN:99,(anonymous_13)
FN:105,(anonymous_15)
FN:140,(anonymous_16)
FN:152,(anonymous_17)
FN:157,(anonymous_18)
FN:177,(anonymous_19)
FN:181,(anonymous_20)
FN:185,(anonymous_21)
FN:189,(anonymous_22)
FN:195,(anonymous_24)
FN:203,(anonymous_26)
FN:248,(anonymous_27)
FN:250,(anonymous_28)
FN:301,(anonymous_29)
FN:303,(anonymous_31)
FN:356,(anonymous_32)
FN:358,(anonymous_33)
FN:392,(anonymous_34)
FN:393,(anonymous_35)
FN:422,(anonymous_36)
FN:423,(anonymous_37)
FN:441,(anonymous_38)
FN:445,(anonymous_39)
FN:449,(anonymous_40)
FN:458,(anonymous_41)
FN:459,(anonymous_43)
FN:481,(anonymous_44)
FN:498,(anonymous_45)
FN:506,(anonymous_46)
FN:514,(anonymous_47)
FN:516,(anonymous_48)
FN:517,(anonymous_49)
FNF:38
FNH:24
FNDA:30,(anonymous_7)
FNDA:30,(anonymous_8)
FNDA:65,(anonymous_9)
FNDA:30,(anonymous_10)
FNDA:0,(anonymous_11)
FNDA:0,(anonymous_12)
FNDA:2,(anonymous_13)
FNDA:0,(anonymous_15)
FNDA:27173,(anonymous_16)
FNDA:45185,(anonymous_17)
FNDA:25143,(anonymous_18)
FNDA:2020,(anonymous_19)
FNDA:25143,(anonymous_20)
FNDA:2,(anonymous_21)
FNDA:25143,(anonymous_22)
FNDA:36008,(anonymous_24)
FNDA:35982012,(anonymous_26)
FNDA:2028,(anonymous_27)
FNDA:0,(anonymous_28)
FNDA:25143,(anonymous_29)
FNDA:0,(anonymous_31)
FNDA:2,(anonymous_32)
FNDA:0,(anonymous_33)
FNDA:15,(anonymous_34)
FNDA:0,(anonymous_35)
FNDA:35,(anonymous_36)
FNDA:0,(anonymous_37)
FNDA:10,(anonymous_38)
FNDA:6,(anonymous_39)
FNDA:6,(anonymous_40)
FNDA:0,(anonymous_41)
FNDA:0,(anonymous_43)
FNDA:0,(anonymous_44)
FNDA:1,(anonymous_45)
FNDA:0,(anonymous_46)
FNDA:1,(anonymous_47)
FNDA:0,(anonymous_48)
FNDA:0,(anonymous_49)
DA:27,4
DA:28,30
DA:29,30
DA:30,30
DA:34,30
DA:35,30
DA:36,30
DA:39,30
DA:40,30
DA:41,30
DA:42,30
DA:46,30
DA:58,65
DA:88,30
DA:89,0
DA:91,30
DA:92,0
DA:93,0
DA:94,0
DA:100,2
DA:101,0
DA:104,2
DA:105,2
DA:106,0
DA:107,0
DA:110,2
DA:111,2
DA:112,2
DA:113,2
DA:115,2
DA:116,3
DA:117,2
DA:118,2
DA:119,2
DA:120,2
DA:121,2
DA:122,2
DA:123,2
DA:127,2
DA:128,2
DA:129,2
DA:131,0
DA:132,0
DA:133,0
DA:134,0
DA:136,2
DA:141,27173
DA:142,27173
DA:143,27173
DA:144,27173
DA:145,27173
DA:147,0
DA:148,0
DA:153,45185
DA:154,45185
DA:158,25143
DA:159,25143
DA:160,25140
DA:162,25140
DA:163,0
DA:165,0
DA:168,0
DA:171,4
DA:172,4
DA:173,4
DA:178,2020
DA:182,25143
DA:186,2
DA:190,25143
DA:196,36008
DA:197,0
DA:200,36008
DA:201,36008
DA:202,36008
DA:205,35982012
DA:206,35982012
DA:207,35982012
DA:210,36008
DA:211,36008
DA:213,36008
DA:214,54012
DA:215,54012
DA:217,18004
DA:218,18004
DA:219,18004
DA:222,36008
DA:224,54012
DA:225,36008
DA:228,18004
DA:229,18004
DA:230,18004
DA:231,18004
DA:232,18004
DA:233,18004
DA:234,18004
DA:235,18004
DA:238,36008
DA:239,18004
DA:242,36008
DA:244,36008
DA:249,2028
DA:250,2028
DA:251,0
DA:252,0
DA:255,2028
DA:256,2028
DA:258,2028
DA:259,8
DA:260,8
DA:261,8
DA:262,8
DA:263,8
DA:266,2020
DA:267,0
DA:268,0
DA:269,0
DA:270,0
DA:271,0
DA:272,0
DA:275,2020
DA:276,2020
DA:277,2020
DA:279,2020
DA:280,2020
DA:281,2020
DA:282,2020
DA:284,2020
DA:285,2020
DA:286,2020
DA:287,2020
DA:289,2020
DA:290,1
DA:292,2019
DA:294,0
DA:295,0
DA:296,0
DA:297,0
DA:302,25143
DA:303,25143
DA:304,0
DA:305,0
DA:308,25143
DA:309,25143
DA:310,25143
DA:311,25143
DA:313,25143
DA:314,18004
DA:317,25143
DA:325,25143
DA:327,25143
DA:328,25143
DA:329,25143
DA:330,25143
DA:333,25143
DA:334,18004
DA:337,25143
DA:338,0
DA:341,25143
DA:342,25143
DA:343,25143
DA:344,25143
DA:346,25143
DA:348,0
DA:349,0
DA:350,0
DA:351,0
DA:352,0
DA:357,2
DA:358,2
DA:359,0
DA:360,0
DA:363,2
DA:364,2
DA:366,2
DA:367,0
DA:368,0
DA:371,2
DA:373,2
DA:374,2
DA:375,2
DA:376,2
DA:378,2
DA:379,2
DA:380,2
DA:381,2
DA:383,2
DA:385,0
DA:386,0
DA:387,0
DA:388,0
DA:393,15
DA:394,0
DA:395,0
DA:398,15
DA:399,15
DA:401,15
DA:402,7
DA:403,7
DA:406,8
DA:407,0
DA:408,0
DA:409,0
DA:412,8
DA:413,8
DA:415,0
DA:416,0
DA:417,0
DA:418,0
DA:423,35
DA:424,0
DA:425,0
DA:428,35
DA:429,35
DA:430,35
DA:431,35
DA:432,35
DA:434,0
DA:435,0
DA:436,0
DA:437,0
DA:442,10
DA:446,6
DA:451,6
DA:452,6
DA:453,6
DA:454,6
DA:455,6
DA:459,0
DA:460,0
DA:461,0
DA:464,0
DA:465,0
DA:466,0
DA:467,0
DA:468,0
DA:470,0
DA:471,0
DA:472,0
DA:473,0
DA:482,0
DA:483,0
DA:484,0
DA:485,0
DA:486,0
DA:488,0
DA:489,0
DA:490,0
DA:499,1
DA:507,0
DA:515,1
DA:516,0
DA:517,0
DA:521,4
DA:524,4
LF:254
LH:171
BRDA:88,0,0,0
BRDA:94,1,0,0
BRDA:94,1,1,0
BRDA:100,2,0,0
BRDA:116,3,0,2
BRDA:133,4,0,0
BRDA:133,4,1,0
BRDA:143,5,0,3032
BRDA:143,5,1,24141
BRDA:148,6,0,0
BRDA:148,6,1,0
BRDA:160,7,0,25140
BRDA:160,7,1,0
BRDA:160,8,0,25140
BRDA:160,8,1,25140
BRDA:163,9,0,0
BRDA:163,9,1,0
BRDA:172,10,0,3
BRDA:172,10,1,1
BRDA:190,11,0,25143
BRDA:190,11,1,25141
BRDA:190,11,2,7139
BRDA:196,12,0,0
BRDA:215,13,0,18004
BRDA:215,13,1,36008
BRDA:219,14,0,18004
BRDA:219,14,1,18004
BRDA:222,15,0,36008
BRDA:222,15,1,36006
BRDA:224,16,0,36008
BRDA:238,17,0,18004
BRDA:258,18,0,8
BRDA:266,19,0,0
BRDA:276,20,0,2020
BRDA:276,20,1,2020
BRDA:289,21,0,1
BRDA:296,22,0,0
BRDA:296,22,1,0
BRDA:311,23,0,25143
BRDA:311,23,1,25140
BRDA:313,24,0,18004
BRDA:333,25,0,18004
BRDA:333,26,0,25143
BRDA:333,26,1,25141
BRDA:337,27,0,0
BRDA:350,28,0,0
BRDA:350,28,1,0
BRDA:366,29,0,0
BRDA:387,30,0,0
BRDA:387,30,1,0
BRDA:401,31,0,7
BRDA:406,32,0,0
BRDA:417,33,0,0
BRDA:417,33,1,0
BRDA:436,34,0,0
BRDA:436,34,1,0
BRDA:451,35,0,1
BRDA:451,36,0,6
BRDA:451,36,1,6
BRDA:452,37,0,1
BRDA:452,38,0,6
BRDA:452,38,1,6
BRDA:472,39,0,0
BRDA:472,39,1,0
BRDA:484,40,0,0
BRDA:488,41,0,0
BRF:66
BRH:36
end_of_record
TN:
SF:src\services\NotificationManager.ts
FN:17,(anonymous_0)
FN:21,(anonymous_1)
FN:31,(anonymous_2)
FN:42,(anonymous_3)
FN:53,(anonymous_4)
FN:64,(anonymous_5)
FN:75,(anonymous_6)
FN:100,(anonymous_7)
FN:118,(anonymous_8)
FN:146,(anonymous_9)
FNF:10
FNH:10
FNDA:6,(anonymous_0)
FNDA:45,(anonymous_1)
FNDA:14,(anonymous_2)
FNDA:28,(anonymous_3)
FNDA:11,(anonymous_4)
FNDA:7,(anonymous_5)
FNDA:60,(anonymous_6)
FNDA:26,(anonymous_7)
FNDA:9,(anonymous_8)
FNDA:3,(anonymous_9)
DA:14,6
DA:22,45
DA:23,6
DA:25,45
DA:36,14
DA:47,28
DA:58,11
DA:69,7
DA:82,60
DA:85,60
DA:94,60
DA:101,26
DA:103,6
DA:105,7
DA:107,7
DA:109,6
DA:111,0
DA:124,9
DA:125,5
DA:129,5
DA:133,5
DA:135,4
DA:151,3
DA:160,6
DA:161,6
LF:25
LH:24
BRDA:22,0,0,6
BRDA:82,1,0,42
BRDA:82,1,1,18
BRDA:89,2,0,60
BRDA:89,2,1,26
BRDA:101,3,0,6
BRDA:101,3,1,7
BRDA:101,3,2,7
BRDA:101,3,3,6
BRDA:101,3,4,0
BRDA:122,4,0,5
BRDA:124,5,0,5
BRDA:124,5,1,4
BRDA:125,6,0,2
BRDA:125,6,1,3
BRDA:129,7,0,2
BRDA:129,7,1,3
BRF:17
BRH:16
end_of_record
TN:
SF:src\services\StorageMonitoringService.ts
FN:46,(anonymous_7)
FN:68,(anonymous_8)
FN:78,(anonymous_9)
FN:106,(anonymous_11)
FN:112,(anonymous_12)
FN:112,(anonymous_13)
FN:124,(anonymous_14)
FN:139,(anonymous_15)
FN:146,(anonymous_16)
FN:154,(anonymous_18)
FN:164,(anonymous_20)
FN:187,(anonymous_21)
FN:194,(anonymous_22)
FN:201,(anonymous_23)
FN:208,(anonymous_24)
FN:217,(anonymous_25)
FN:270,(anonymous_27)
FN:322,(anonymous_29)
FN:361,(anonymous_31)
FN:400,(anonymous_33)
FN:403,(anonymous_35)
FN:407,(anonymous_36)
FN:415,(anonymous_37)
FN:421,(anonymous_38)
FN:426,(anonymous_39)
FN:432,(anonymous_40)
FN:452,(anonymous_41)
FN:486,(anonymous_42)
FNF:28
FNH:22
FNDA:118,(anonymous_7)
FNDA:2,(anonymous_8)
FNDA:4,(anonymous_9)
FNDA:38,(anonymous_11)
FNDA:1,(anonymous_12)
FNDA:1,(anonymous_13)
FNDA:162,(anonymous_14)
FNDA:44,(anonymous_15)
FNDA:1,(anonymous_16)
FNDA:22,(anonymous_18)
FNDA:34,(anonymous_20)
FNDA:25,(anonymous_21)
FNDA:12,(anonymous_22)
FNDA:46,(anonymous_23)
FNDA:126,(anonymous_24)
FNDA:26,(anonymous_25)
FNDA:6,(anonymous_27)
FNDA:6,(anonymous_29)
FNDA:6,(anonymous_31)
FNDA:6,(anonymous_33)
FNDA:6,(anonymous_35)
FNDA:0,(anonymous_36)
FNDA:0,(anonymous_37)
FNDA:0,(anonymous_38)
FNDA:0,(anonymous_39)
FNDA:0,(anonymous_40)
FNDA:0,(anonymous_41)
FNDA:118,(anonymous_42)
DA:30,1
DA:32,118
DA:33,118
DA:37,118
DA:38,118
DA:53,118
DA:54,118
DA:55,118
DA:56,118
DA:58,118
DA:65,118
DA:69,2
DA:70,1
DA:72,2
DA:79,4
DA:80,4
DA:81,0
DA:85,4
DA:88,4
DA:91,0
DA:92,0
DA:95,0
DA:96,0
DA:98,0
DA:99,0
DA:107,38
DA:108,2
DA:111,36
DA:112,36
DA:113,1
DA:114,1
DA:116,0
DA:125,162
DA:126,126
DA:129,36
DA:130,36
DA:131,36
DA:132,36
DA:140,44
DA:147,1
DA:148,0
DA:155,22
DA:156,20
DA:158,22
DA:165,34
DA:166,34
DA:169,34
DA:170,5
DA:171,5
DA:175,34
DA:176,15
DA:177,7
DA:178,8
DA:179,4
DA:188,25
DA:195,12
DA:202,46
DA:209,126
DA:210,126
DA:211,126
DA:218,26
DA:219,26
DA:220,26
DA:221,26
DA:222,26
DA:225,26
DA:226,23
DA:227,23
DA:228,16
DA:229,16
DA:232,16
DA:233,16
DA:235,7
DA:240,26
DA:241,12
DA:242,12
DA:243,12
DA:244,12
DA:247,26
DA:254,26
DA:256,0
DA:258,0
DA:271,6
DA:273,6
DA:275,6
DA:276,2
DA:280,6
DA:283,6
DA:286,6
DA:289,0
DA:290,0
DA:293,0
DA:302,0
DA:313,0
DA:314,0
DA:315,0
DA:323,6
DA:325,6
DA:326,6
DA:328,6
DA:329,6
DA:330,6
DA:332,6
DA:333,6
DA:337,0
DA:338,0
DA:339,0
DA:340,0
DA:341,0
DA:342,0
DA:343,0
DA:348,0
DA:350,0
DA:362,6
DA:364,6
DA:365,6
DA:367,6
DA:368,6
DA:369,6
DA:371,6
DA:372,6
DA:376,0
DA:377,0
DA:378,0
DA:379,0
DA:380,0
DA:381,0
DA:382,0
DA:387,0
DA:389,0
DA:401,6
DA:403,6
DA:404,6
DA:405,6
DA:407,6
DA:408,0
DA:415,6
DA:416,0
DA:417,0
DA:420,0
DA:421,0
DA:423,0
DA:424,0
DA:426,0
DA:427,0
DA:432,6
DA:433,0
DA:441,0
DA:460,0
DA:461,0
DA:465,0
DA:466,0
DA:468,0
DA:469,0
DA:470,0
DA:471,0
DA:476,0
DA:477,0
DA:480,0
DA:487,118
DA:499,1
LF:161
LH:103
BRDA:53,0,0,118
BRDA:53,0,1,4
BRDA:53,1,0,2
BRDA:53,1,1,116
BRDA:53,2,0,118
BRDA:53,2,1,118
BRDA:53,3,0,4
BRDA:53,3,1,0
BRDA:54,4,0,118
BRDA:54,4,1,4
BRDA:54,5,0,2
BRDA:54,5,1,116
BRDA:54,6,0,118
BRDA:54,6,1,118
BRDA:54,7,0,4
BRDA:54,7,1,0
BRDA:55,8,0,118
BRDA:55,8,1,4
BRDA:55,9,0,2
BRDA:55,9,1,116
BRDA:55,10,0,118
BRDA:55,10,1,118
BRDA:55,11,0,4
BRDA:55,11,1,0
BRDA:56,12,0,118
BRDA:56,12,1,4
BRDA:56,13,0,2
BRDA:56,13,1,116
BRDA:56,14,0,118
BRDA:56,14,1,118
BRDA:56,15,0,4
BRDA:56,15,1,0
BRDA:69,16,0,1
BRDA:80,17,0,0
BRDA:91,18,0,0
BRDA:107,19,0,2
BRDA:125,20,0,126
BRDA:130,21,0,36
BRDA:155,22,0,20
BRDA:155,23,0,22
BRDA:155,23,1,5
BRDA:169,24,0,5
BRDA:169,25,0,34
BRDA:169,25,1,19
BRDA:169,25,2,19
BRDA:175,26,0,15
BRDA:176,27,0,7
BRDA:176,27,1,8
BRDA:176,28,0,15
BRDA:176,28,1,8
BRDA:178,29,0,4
BRDA:178,30,0,8
BRDA:178,30,1,7
BRDA:225,31,0,23
BRDA:225,32,0,26
BRDA:225,32,1,26
BRDA:225,32,2,24
BRDA:228,33,0,16
BRDA:228,33,1,2
BRDA:229,34,0,16
BRDA:229,34,1,2
BRDA:240,35,0,12
BRDA:275,36,0,2
BRDA:290,37,0,0
BRDA:290,37,1,0
BRDA:290,38,0,0
BRDA:290,38,1,0
BRDA:290,39,0,0
BRDA:290,39,1,0
BRDA:332,40,0,6
BRDA:340,41,0,0
BRDA:342,42,0,0
BRDA:353,43,0,0
BRDA:353,43,1,0
BRDA:371,44,0,6
BRDA:379,45,0,0
BRDA:381,46,0,0
BRDA:392,47,0,0
BRDA:392,47,1,0
BRDA:444,48,0,0
BRDA:444,48,1,0
BRDA:460,49,0,0
BRDA:460,50,0,0
BRDA:460,50,1,0
BRDA:460,50,2,0
BRDA:465,51,0,0
BRDA:468,52,0,0
BRDA:468,52,1,0
BRDA:470,53,0,0
BRDA:476,54,0,0
BRDA:476,55,0,0
BRDA:476,55,1,0
BRDA:476,55,2,0
BRF:93
BRH:59
end_of_record
