TN:
SF:src\components\charts\PerformanceMetrics.tsx
FN:27,PerformanceMetrics
FN:33,(anonymous_1)
FN:40,(anonymous_2)
FN:112,(anonymous_3)
FNF:4
FNH:4
FNDA:5,PerformanceMetrics
FNDA:1,(anonymous_1)
FNDA:5,(anonymous_2)
FNDA:4,(anonymous_3)
DA:1,1
DA:2,1
DA:3,1
DA:27,1
DA:28,5
DA:29,5
DA:30,5
DA:33,5
DA:34,1
DA:40,5
DA:41,5
DA:42,1
DA:52,4
DA:53,1
DA:64,3
DA:65,1
DA:81,2
DA:82,2
DA:84,2
DA:107,2
DA:113,4
DA:199,5
LF:22
LH:22
BRDA:41,0,0,1
BRDA:41,0,1,4
BRDA:52,1,0,1
BRDA:52,1,1,3
BRDA:64,2,0,1
BRDA:64,2,1,2
BRDA:81,3,0,2
BRDA:81,3,1,0
BRDA:110,4,0,2
BRDA:110,4,1,0
BRDA:121,5,0,4
BRDA:121,5,1,0
BRDA:127,6,0,4
BRDA:127,6,1,0
BRDA:114,7,0,4
BRDA:114,7,1,0
BRDA:163,8,0,0
BRDA:163,8,1,2
BRDA:172,9,0,0
BRDA:172,9,1,0
BRDA:173,10,0,0
BRDA:173,10,1,0
BRF:22
BRH:12
end_of_record
